<?xml version="1.0" encoding="UTF-8"?>
<testsuite xmlns:xsi="http://www.w3.org/2001/XMLSchema-instance" xsi:noNamespaceSchemaLocation="https://maven.apache.org/surefire/maven-surefire-plugin/xsd/surefire-test-report-3.0.xsd" version="3.0" name="com.qa.petstore.runners.PetStoreRunner" time="11.469" tests="2" errors="0" skipped="0" failures="0">
  <properties>
[...]
</properties>
  <testcase name="[1.1:34] Flujo completo de mascota usando datos externos" classname="com/qa/petstore/petstore" time="4.205">
    <system-out><![CDATA[16:07:43.299 [main] DEBUG com.jayway.jsonpath.internal.path.CompiledPath - Evaluating path: $
16:07:43.470 [main] DEBUG io.netty.util.internal.logging.InternalLoggerFactory - Using SLF4J as the default logging framework
16:07:43.483 [main] DEBUG io.netty.util.internal.PlatformDependent0 - -Dio.netty.noUnsafe: false
16:07:43.484 [main] DEBUG io.netty.util.internal.PlatformDependent0 - Java version: 21
16:07:43.490 [main] DEBUG io.netty.util.internal.PlatformDependent0 - sun.misc.Unsafe.theUnsafe: available
16:07:43.493 [main] DEBUG io.netty.util.internal.PlatformDependent0 - sun.misc.Unsafe.copyMemory: available
16:07:43.496 [main] DEBUG io.netty.util.internal.PlatformDependent0 - sun.misc.Unsafe.storeFence: available
16:07:43.501 [main] DEBUG io.netty.util.internal.PlatformDependent0 - java.nio.Buffer.address: available
16:07:43.504 [main] DEBUG io.netty.util.internal.PlatformDependent0 - direct buffer constructor: unavailable: java.nio.DirectByteBuffer.<init>(long,int)
16:07:43.509 [main] DEBUG io.netty.util.internal.PlatformDependent0 - java.nio.Bits.unaligned: available, true
16:07:43.515 [main] DEBUG io.netty.util.internal.PlatformDependent0 - jdk.internal.misc.Unsafe.allocateUninitializedArray(int): unavailable: class io.netty.util.internal.PlatformDependent0$7 cannot access class jdk.internal.misc.Unsafe (in module java.base) because module java.base does not export jdk.internal.misc to unnamed module @6ec8211c
16:07:43.520 [main] DEBUG io.netty.util.internal.PlatformDependent0 - java.nio.DirectByteBuffer.<init>(long, int): unavailable
16:07:43.522 [main] DEBUG io.netty.util.internal.PlatformDependent - sun.misc.Unsafe: available
16:07:43.530 [main] DEBUG io.netty.util.internal.PlatformDependent - maxDirectMemory: 4217372672 bytes (maybe)
16:07:43.532 [main] DEBUG io.netty.util.internal.PlatformDependent - -Dio.netty.tmpdir: C:\Users\sebas\AppData\Local\Temp (java.io.tmpdir)
16:07:43.533 [main] DEBUG io.netty.util.internal.PlatformDependent - -Dio.netty.bitMode: 64 (sun.arch.data.model)
16:07:43.535 [main] DEBUG io.netty.util.internal.PlatformDependent - Platform: Windows
16:07:43.541 [main] DEBUG io.netty.util.internal.PlatformDependent - -Dio.netty.maxDirectMemory: -1 bytes
16:07:43.541 [main] DEBUG io.netty.util.internal.PlatformDependent - -Dio.netty.uninitializedArrayAllocationThreshold: -1
16:07:43.545 [main] DEBUG io.netty.util.internal.CleanerJava9 - java.nio.ByteBuffer.cleaner(): available
16:07:43.545 [main] DEBUG io.netty.util.internal.PlatformDependent - -Dio.netty.noPreferDirect: false
16:07:45.029 [main] DEBUG org.apache.http.client.protocol.RequestAddCookies - CookieSpec selected: karate
16:07:45.044 [main] DEBUG org.apache.http.client.protocol.RequestAuthCache - Auth cache not set in the context
16:07:45.048 [main] DEBUG com.intuit.karate - request:
1 > POST https://petstore.swagger.io/v2/pet
1 > Content-Type: application/json; charset=UTF-8
1 > Content-Length: 163
1 > Host: petstore.swagger.io
1 > Connection: Keep-Alive
1 > User-Agent: Apache-HttpClient/4.5.14 (Java/21.0.7)
1 > Accept-Encoding: gzip,deflate
{"id":10001,"category":{"id":1,"name":"dogs"},"name":"Bobby","photoUrls":["https:\/\/example.com\/photo.jpg"],"tags":[{"id":1,"name":"tag1"}],"status":"available"}

16:07:45.050 [main] DEBUG org.apache.http.impl.conn.PoolingHttpClientConnectionManager - Connection request: [route: {s}->https://petstore.swagger.io:443][total available: 0; route allocated: 0 of 5; total allocated: 0 of 10]
16:07:45.061 [main] DEBUG org.apache.http.impl.conn.PoolingHttpClientConnectionManager - Connection leased: [id: 0][route: {s}->https://petstore.swagger.io:443][total available: 0; route allocated: 1 of 5; total allocated: 1 of 10]
16:07:45.062 [main] DEBUG org.apache.http.impl.execchain.MainClientExec - Opening connection {s}->https://petstore.swagger.io:443
16:07:45.244 [main] DEBUG org.apache.http.impl.conn.DefaultHttpClientConnectionOperator - Connecting to petstore.swagger.io/35.172.161.73:443
16:07:45.246 [main] DEBUG org.apache.http.conn.ssl.SSLConnectionSocketFactory - Connecting socket to petstore.swagger.io/35.172.161.73:443 with timeout 30000
16:07:45.481 [main] DEBUG org.apache.http.conn.ssl.SSLConnectionSocketFactory - Enabled protocols: [TLSv1.3, TLSv1.2]
16:07:45.481 [main] DEBUG org.apache.http.conn.ssl.SSLConnectionSocketFactory - Enabled cipher suites:[TLS_AES_256_GCM_SHA384, TLS_AES_128_GCM_SHA256, TLS_CHACHA20_POLY1305_SHA256, TLS_ECDHE_ECDSA_WITH_AES_256_GCM_SHA384, TLS_ECDHE_ECDSA_WITH_AES_128_GCM_SHA256, TLS_ECDHE_ECDSA_WITH_CHACHA20_POLY1305_SHA256, TLS_ECDHE_RSA_WITH_AES_256_GCM_SHA384, TLS_ECDHE_RSA_WITH_CHACHA20_POLY1305_SHA256, TLS_ECDHE_RSA_WITH_AES_128_GCM_SHA256, TLS_DHE_RSA_WITH_AES_256_GCM_SHA384, TLS_DHE_RSA_WITH_CHACHA20_POLY1305_SHA256, TLS_DHE_DSS_WITH_AES_256_GCM_SHA384, TLS_DHE_RSA_WITH_AES_128_GCM_SHA256, TLS_DHE_DSS_WITH_AES_128_GCM_SHA256, TLS_ECDHE_ECDSA_WITH_AES_256_CBC_SHA384, TLS_ECDHE_RSA_WITH_AES_256_CBC_SHA384, TLS_ECDHE_ECDSA_WITH_AES_128_CBC_SHA256, TLS_ECDHE_RSA_WITH_AES_128_CBC_SHA256, TLS_DHE_RSA_WITH_AES_256_CBC_SHA256, TLS_DHE_DSS_WITH_AES_256_CBC_SHA256, TLS_DHE_RSA_WITH_AES_128_CBC_SHA256, TLS_DHE_DSS_WITH_AES_128_CBC_SHA256, TLS_ECDHE_ECDSA_WITH_AES_256_CBC_SHA, TLS_ECDHE_RSA_WITH_AES_256_CBC_SHA, TLS_ECDHE_ECDSA_WITH_AES_128_CBC_SHA, TLS_ECDHE_RSA_WITH_AES_128_CBC_SHA, TLS_DHE_RSA_WITH_AES_256_CBC_SHA, TLS_DHE_DSS_WITH_AES_256_CBC_SHA, TLS_DHE_RSA_WITH_AES_128_CBC_SHA, TLS_DHE_DSS_WITH_AES_128_CBC_SHA, TLS_RSA_WITH_AES_256_GCM_SHA384, TLS_RSA_WITH_AES_128_GCM_SHA256, TLS_RSA_WITH_AES_256_CBC_SHA256, TLS_RSA_WITH_AES_128_CBC_SHA256, TLS_RSA_WITH_AES_256_CBC_SHA, TLS_RSA_WITH_AES_128_CBC_SHA, TLS_EMPTY_RENEGOTIATION_INFO_SCSV]
16:07:45.482 [main] DEBUG org.apache.http.conn.ssl.SSLConnectionSocketFactory - Starting handshake
16:07:45.876 [main] DEBUG org.apache.http.conn.ssl.SSLConnectionSocketFactory - Secure session established
16:07:45.877 [main] DEBUG org.apache.http.conn.ssl.SSLConnectionSocketFactory -  negotiated protocol: TLSv1.2
16:07:45.878 [main] DEBUG org.apache.http.conn.ssl.SSLConnectionSocketFactory -  negotiated cipher suite: TLS_ECDHE_RSA_WITH_AES_128_GCM_SHA256
16:07:45.879 [main] DEBUG org.apache.http.conn.ssl.SSLConnectionSocketFactory -  peer principal: CN=*.swagger.io
16:07:45.880 [main] DEBUG org.apache.http.conn.ssl.SSLConnectionSocketFactory -  peer alternative names: [*.swagger.io]
16:07:45.880 [main] DEBUG org.apache.http.conn.ssl.SSLConnectionSocketFactory -  issuer principal: CN=Amazon RSA 2048 M04, O=Amazon, C=US
16:07:45.893 [main] DEBUG org.apache.http.impl.conn.DefaultHttpClientConnectionOperator - Connection established 192.168.0.115:58460<->35.172.161.73:443
16:07:45.893 [main] DEBUG org.apache.http.impl.conn.DefaultManagedHttpClientConnection - http-outgoing-0: set socket timeout to 30000
16:07:45.894 [main] DEBUG org.apache.http.impl.execchain.MainClientExec - Executing request POST /v2/pet HTTP/1.1
16:07:45.894 [main] DEBUG org.apache.http.impl.execchain.MainClientExec - Target auth state: UNCHALLENGED
16:07:45.895 [main] DEBUG org.apache.http.impl.execchain.MainClientExec - Proxy auth state: UNCHALLENGED
16:07:45.897 [main] DEBUG org.apache.http.headers - http-outgoing-0 >> POST /v2/pet HTTP/1.1
16:07:45.897 [main] DEBUG org.apache.http.headers - http-outgoing-0 >> Content-Type: application/json; charset=UTF-8
16:07:45.898 [main] DEBUG org.apache.http.headers - http-outgoing-0 >> Content-Length: 163
16:07:45.898 [main] DEBUG org.apache.http.headers - http-outgoing-0 >> Host: petstore.swagger.io
16:07:45.898 [main] DEBUG org.apache.http.headers - http-outgoing-0 >> Connection: Keep-Alive
16:07:45.898 [main] DEBUG org.apache.http.headers - http-outgoing-0 >> User-Agent: Apache-HttpClient/4.5.14 (Java/21.0.7)
16:07:45.898 [main] DEBUG org.apache.http.headers - http-outgoing-0 >> Accept-Encoding: gzip,deflate
16:07:45.899 [main] DEBUG org.apache.http.wire - http-outgoing-0 >> "POST /v2/pet HTTP/1.1[\r][\n]"
16:07:45.900 [main] DEBUG org.apache.http.wire - http-outgoing-0 >> "Content-Type: application/json; charset=UTF-8[\r][\n]"
16:07:45.900 [main] DEBUG org.apache.http.wire - http-outgoing-0 >> "Content-Length: 163[\r][\n]"
16:07:45.900 [main] DEBUG org.apache.http.wire - http-outgoing-0 >> "Host: petstore.swagger.io[\r][\n]"
16:07:45.900 [main] DEBUG org.apache.http.wire - http-outgoing-0 >> "Connection: Keep-Alive[\r][\n]"
16:07:45.900 [main] DEBUG org.apache.http.wire - http-outgoing-0 >> "User-Agent: Apache-HttpClient/4.5.14 (Java/21.0.7)[\r][\n]"
16:07:45.900 [main] DEBUG org.apache.http.wire - http-outgoing-0 >> "Accept-Encoding: gzip,deflate[\r][\n]"
16:07:45.900 [main] DEBUG org.apache.http.wire - http-outgoing-0 >> "[\r][\n]"
16:07:45.900 [main] DEBUG org.apache.http.wire - http-outgoing-0 >> "{"id":10001,"category":{"id":1,"name":"dogs"},"name":"Bobby","photoUrls":["https:\/\/example.com\/photo.jpg"],"tags":[{"id":1,"name":"tag1"}],"status":"available"}"
16:07:45.993 [main] DEBUG org.apache.http.wire - http-outgoing-0 << "HTTP/1.1 200 OK[\r][\n]"
16:07:45.994 [main] DEBUG org.apache.http.wire - http-outgoing-0 << "Date: Thu, 15 Jan 2026 21:07:46 GMT[\r][\n]"
16:07:45.994 [main] DEBUG org.apache.http.wire - http-outgoing-0 << "Content-Type: application/json[\r][\n]"
16:07:45.994 [main] DEBUG org.apache.http.wire - http-outgoing-0 << "Transfer-Encoding: chunked[\r][\n]"
16:07:45.994 [main] DEBUG org.apache.http.wire - http-outgoing-0 << "Connection: keep-alive[\r][\n]"
16:07:45.995 [main] DEBUG org.apache.http.wire - http-outgoing-0 << "Access-Control-Allow-Origin: *[\r][\n]"
16:07:45.995 [main] DEBUG org.apache.http.wire - http-outgoing-0 << "Access-Control-Allow-Methods: GET, POST, DELETE, PUT[\r][\n]"
16:07:45.995 [main] DEBUG org.apache.http.wire - http-outgoing-0 << "Access-Control-Allow-Headers: Content-Type, api_key, Authorization[\r][\n]"
16:07:45.995 [main] DEBUG org.apache.http.wire - http-outgoing-0 << "Server: Jetty(9.2.9.v20150224)[\r][\n]"
16:07:45.996 [main] DEBUG org.apache.http.wire - http-outgoing-0 << "[\r][\n]"
16:07:45.996 [main] DEBUG org.apache.http.wire - http-outgoing-0 << "a0[\r][\n]"
16:07:45.996 [main] DEBUG org.apache.http.wire - http-outgoing-0 << "{"id":10001,"category":{"id":1,"name":"dogs"},"name":"Bobby","photoUrls":["https://example.com/photo.jpg"],"tags":[{"id":1,"name":"tag1"}],"status":"available"}[\r][\n]"
16:07:46.009 [main] DEBUG org.apache.http.headers - http-outgoing-0 << HTTP/1.1 200 OK
16:07:46.010 [main] DEBUG org.apache.http.headers - http-outgoing-0 << Date: Thu, 15 Jan 2026 21:07:46 GMT
16:07:46.011 [main] DEBUG org.apache.http.headers - http-outgoing-0 << Content-Type: application/json
16:07:46.011 [main] DEBUG org.apache.http.headers - http-outgoing-0 << Transfer-Encoding: chunked
16:07:46.011 [main] DEBUG org.apache.http.headers - http-outgoing-0 << Connection: keep-alive
16:07:46.011 [main] DEBUG org.apache.http.headers - http-outgoing-0 << Access-Control-Allow-Origin: *
16:07:46.011 [main] DEBUG org.apache.http.headers - http-outgoing-0 << Access-Control-Allow-Methods: GET, POST, DELETE, PUT
16:07:46.011 [main] DEBUG org.apache.http.headers - http-outgoing-0 << Access-Control-Allow-Headers: Content-Type, api_key, Authorization
16:07:46.012 [main] DEBUG org.apache.http.headers - http-outgoing-0 << Server: Jetty(9.2.9.v20150224)
16:07:46.024 [main] DEBUG org.apache.http.impl.execchain.MainClientExec - Connection can be kept alive indefinitely
16:07:46.027 [main] DEBUG org.apache.http.wire - http-outgoing-0 << "0[\r][\n]"
16:07:46.027 [main] DEBUG org.apache.http.wire - http-outgoing-0 << "[\r][\n]"
16:07:46.027 [main] DEBUG org.apache.http.impl.conn.PoolingHttpClientConnectionManager - Connection [id: 0][route: {s}->https://petstore.swagger.io:443] can be kept alive indefinitely
16:07:46.027 [main] DEBUG org.apache.http.impl.conn.DefaultManagedHttpClientConnection - http-outgoing-0: set socket timeout to 0
16:07:46.027 [main] DEBUG org.apache.http.impl.conn.PoolingHttpClientConnectionManager - Connection released: [id: 0][route: {s}->https://petstore.swagger.io:443][total available: 1; route allocated: 1 of 5; total allocated: 1 of 10]
16:07:46.028 [main] DEBUG org.apache.http.impl.conn.PoolingHttpClientConnectionManager - Connection manager is shutting down
16:07:46.031 [main] DEBUG org.apache.http.impl.conn.DefaultManagedHttpClientConnection - http-outgoing-0: Close connection
16:07:46.034 [main] DEBUG org.apache.http.impl.conn.PoolingHttpClientConnectionManager - Connection manager shut down
16:07:46.044 [main] DEBUG com.intuit.karate - response time in milliseconds: 979
1 < 200
1 < Date: Thu, 15 Jan 2026 21:07:46 GMT
1 < Content-Type: application/json
1 < Transfer-Encoding: chunked
1 < Connection: keep-alive
1 < Access-Control-Allow-Origin: *
1 < Access-Control-Allow-Methods: GET, POST, DELETE, PUT
1 < Access-Control-Allow-Headers: Content-Type, api_key, Authorization
1 < Server: Jetty(9.2.9.v20150224)
{"id":10001,"category":{"id":1,"name":"dogs"},"name":"Bobby","photoUrls":["https://example.com/photo.jpg"],"tags":[{"id":1,"name":"tag1"}],"status":"available"}

16:07:46.162 [main] DEBUG org.apache.http.client.protocol.RequestAddCookies - CookieSpec selected: karate
16:07:46.163 [main] DEBUG org.apache.http.client.protocol.RequestAuthCache - Auth cache not set in the context
16:07:46.163 [main] DEBUG com.intuit.karate - request:
2 > GET https://petstore.swagger.io/v2/pet/10001
2 > Host: petstore.swagger.io
2 > Connection: Keep-Alive
2 > User-Agent: Apache-HttpClient/4.5.14 (Java/21.0.7)
2 > Accept-Encoding: gzip,deflate


16:07:46.163 [main] DEBUG org.apache.http.impl.conn.PoolingHttpClientConnectionManager - Connection request: [route: {s}->https://petstore.swagger.io:443][total available: 0; route allocated: 0 of 5; total allocated: 0 of 10]
16:07:46.163 [main] DEBUG org.apache.http.impl.conn.PoolingHttpClientConnectionManager - Connection leased: [id: 1][route: {s}->https://petstore.swagger.io:443][total available: 0; route allocated: 1 of 5; total allocated: 1 of 10]
16:07:46.164 [main] DEBUG org.apache.http.impl.execchain.MainClientExec - Opening connection {s}->https://petstore.swagger.io:443
16:07:46.165 [main] DEBUG org.apache.http.impl.conn.DefaultHttpClientConnectionOperator - Connecting to petstore.swagger.io/35.172.161.73:443
16:07:46.165 [main] DEBUG org.apache.http.conn.ssl.SSLConnectionSocketFactory - Connecting socket to petstore.swagger.io/35.172.161.73:443 with timeout 30000
16:07:46.251 [main] DEBUG org.apache.http.conn.ssl.SSLConnectionSocketFactory - Enabled protocols: [TLSv1.3, TLSv1.2]
16:07:46.252 [main] DEBUG org.apache.http.conn.ssl.SSLConnectionSocketFactory - Enabled cipher suites:[TLS_AES_256_GCM_SHA384, TLS_AES_128_GCM_SHA256, TLS_CHACHA20_POLY1305_SHA256, TLS_ECDHE_ECDSA_WITH_AES_256_GCM_SHA384, TLS_ECDHE_ECDSA_WITH_AES_128_GCM_SHA256, TLS_ECDHE_ECDSA_WITH_CHACHA20_POLY1305_SHA256, TLS_ECDHE_RSA_WITH_AES_256_GCM_SHA384, TLS_ECDHE_RSA_WITH_CHACHA20_POLY1305_SHA256, TLS_ECDHE_RSA_WITH_AES_128_GCM_SHA256, TLS_DHE_RSA_WITH_AES_256_GCM_SHA384, TLS_DHE_RSA_WITH_CHACHA20_POLY1305_SHA256, TLS_DHE_DSS_WITH_AES_256_GCM_SHA384, TLS_DHE_RSA_WITH_AES_128_GCM_SHA256, TLS_DHE_DSS_WITH_AES_128_GCM_SHA256, TLS_ECDHE_ECDSA_WITH_AES_256_CBC_SHA384, TLS_ECDHE_RSA_WITH_AES_256_CBC_SHA384, TLS_ECDHE_ECDSA_WITH_AES_128_CBC_SHA256, TLS_ECDHE_RSA_WITH_AES_128_CBC_SHA256, TLS_DHE_RSA_WITH_AES_256_CBC_SHA256, TLS_DHE_DSS_WITH_AES_256_CBC_SHA256, TLS_DHE_RSA_WITH_AES_128_CBC_SHA256, TLS_DHE_DSS_WITH_AES_128_CBC_SHA256, TLS_ECDHE_ECDSA_WITH_AES_256_CBC_SHA, TLS_ECDHE_RSA_WITH_AES_256_CBC_SHA, TLS_ECDHE_ECDSA_WITH_AES_128_CBC_SHA, TLS_ECDHE_RSA_WITH_AES_128_CBC_SHA, TLS_DHE_RSA_WITH_AES_256_CBC_SHA, TLS_DHE_DSS_WITH_AES_256_CBC_SHA, TLS_DHE_RSA_WITH_AES_128_CBC_SHA, TLS_DHE_DSS_WITH_AES_128_CBC_SHA, TLS_RSA_WITH_AES_256_GCM_SHA384, TLS_RSA_WITH_AES_128_GCM_SHA256, TLS_RSA_WITH_AES_256_CBC_SHA256, TLS_RSA_WITH_AES_128_CBC_SHA256, TLS_RSA_WITH_AES_256_CBC_SHA, TLS_RSA_WITH_AES_128_CBC_SHA, TLS_EMPTY_RENEGOTIATION_INFO_SCSV]
16:07:46.254 [main] DEBUG org.apache.http.conn.ssl.SSLConnectionSocketFactory - Starting handshake
16:07:46.388 [main] DEBUG org.apache.http.conn.ssl.SSLConnectionSocketFactory - Secure session established
16:07:46.389 [main] DEBUG org.apache.http.conn.ssl.SSLConnectionSocketFactory -  negotiated protocol: TLSv1.2
16:07:46.390 [main] DEBUG org.apache.http.conn.ssl.SSLConnectionSocketFactory -  negotiated cipher suite: TLS_ECDHE_RSA_WITH_AES_128_GCM_SHA256
16:07:46.390 [main] DEBUG org.apache.http.conn.ssl.SSLConnectionSocketFactory -  peer principal: CN=*.swagger.io
16:07:46.391 [main] DEBUG org.apache.http.conn.ssl.SSLConnectionSocketFactory -  peer alternative names: [*.swagger.io]
16:07:46.392 [main] DEBUG org.apache.http.conn.ssl.SSLConnectionSocketFactory -  issuer principal: CN=Amazon RSA 2048 M04, O=Amazon, C=US
16:07:46.394 [main] DEBUG org.apache.http.impl.conn.DefaultHttpClientConnectionOperator - Connection established 192.168.0.115:58461<->35.172.161.73:443
16:07:46.394 [main] DEBUG org.apache.http.impl.conn.DefaultManagedHttpClientConnection - http-outgoing-1: set socket timeout to 30000
16:07:46.395 [main] DEBUG org.apache.http.impl.execchain.MainClientExec - Executing request GET /v2/pet/10001 HTTP/1.1
16:07:46.396 [main] DEBUG org.apache.http.impl.execchain.MainClientExec - Target auth state: UNCHALLENGED
16:07:46.397 [main] DEBUG org.apache.http.impl.execchain.MainClientExec - Proxy auth state: UNCHALLENGED
16:07:46.398 [main] DEBUG org.apache.http.headers - http-outgoing-1 >> GET /v2/pet/10001 HTTP/1.1
16:07:46.398 [main] DEBUG org.apache.http.headers - http-outgoing-1 >> Host: petstore.swagger.io
16:07:46.398 [main] DEBUG org.apache.http.headers - http-outgoing-1 >> Connection: Keep-Alive
16:07:46.399 [main] DEBUG org.apache.http.headers - http-outgoing-1 >> User-Agent: Apache-HttpClient/4.5.14 (Java/21.0.7)
16:07:46.399 [main] DEBUG org.apache.http.headers - http-outgoing-1 >> Accept-Encoding: gzip,deflate
16:07:46.400 [main] DEBUG org.apache.http.wire - http-outgoing-1 >> "GET /v2/pet/10001 HTTP/1.1[\r][\n]"
16:07:46.401 [main] DEBUG org.apache.http.wire - http-outgoing-1 >> "Host: petstore.swagger.io[\r][\n]"
16:07:46.401 [main] DEBUG org.apache.http.wire - http-outgoing-1 >> "Connection: Keep-Alive[\r][\n]"
16:07:46.402 [main] DEBUG org.apache.http.wire - http-outgoing-1 >> "User-Agent: Apache-HttpClient/4.5.14 (Java/21.0.7)[\r][\n]"
16:07:46.402 [main] DEBUG org.apache.http.wire - http-outgoing-1 >> "Accept-Encoding: gzip,deflate[\r][\n]"
16:07:46.402 [main] DEBUG org.apache.http.wire - http-outgoing-1 >> "[\r][\n]"
16:07:46.493 [main] DEBUG org.apache.http.wire - http-outgoing-1 << "HTTP/1.1 200 OK[\r][\n]"
16:07:46.493 [main] DEBUG org.apache.http.wire - http-outgoing-1 << "Date: Thu, 15 Jan 2026 21:07:46 GMT[\r][\n]"
16:07:46.494 [main] DEBUG org.apache.http.wire - http-outgoing-1 << "Content-Type: application/json[\r][\n]"
16:07:46.494 [main] DEBUG org.apache.http.wire - http-outgoing-1 << "Transfer-Encoding: chunked[\r][\n]"
16:07:46.495 [main] DEBUG org.apache.http.wire - http-outgoing-1 << "Connection: keep-alive[\r][\n]"
16:07:46.496 [main] DEBUG org.apache.http.wire - http-outgoing-1 << "Access-Control-Allow-Origin: *[\r][\n]"
16:07:46.496 [main] DEBUG org.apache.http.wire - http-outgoing-1 << "Access-Control-Allow-Methods: GET, POST, DELETE, PUT[\r][\n]"
16:07:46.497 [main] DEBUG org.apache.http.wire - http-outgoing-1 << "Access-Control-Allow-Headers: Content-Type, api_key, Authorization[\r][\n]"
16:07:46.497 [main] DEBUG org.apache.http.wire - http-outgoing-1 << "Server: Jetty(9.2.9.v20150224)[\r][\n]"
16:07:46.497 [main] DEBUG org.apache.http.wire - http-outgoing-1 << "[\r][\n]"
16:07:46.497 [main] DEBUG org.apache.http.wire - http-outgoing-1 << "a0[\r][\n]"
16:07:46.498 [main] DEBUG org.apache.http.wire - http-outgoing-1 << "{"id":10001,"category":{"id":1,"name":"dogs"},"name":"Bobby","photoUrls":["https://example.com/photo.jpg"],"tags":[{"id":1,"name":"tag1"}],"status":"available"}[\r][\n]"
16:07:46.498 [main] DEBUG org.apache.http.headers - http-outgoing-1 << HTTP/1.1 200 OK
16:07:46.498 [main] DEBUG org.apache.http.headers - http-outgoing-1 << Date: Thu, 15 Jan 2026 21:07:46 GMT
16:07:46.498 [main] DEBUG org.apache.http.headers - http-outgoing-1 << Content-Type: application/json
16:07:46.499 [main] DEBUG org.apache.http.headers - http-outgoing-1 << Transfer-Encoding: chunked
16:07:46.499 [main] DEBUG org.apache.http.headers - http-outgoing-1 << Connection: keep-alive
16:07:46.499 [main] DEBUG org.apache.http.headers - http-outgoing-1 << Access-Control-Allow-Origin: *
16:07:46.499 [main] DEBUG org.apache.http.headers - http-outgoing-1 << Access-Control-Allow-Methods: GET, POST, DELETE, PUT
16:07:46.499 [main] DEBUG org.apache.http.headers - http-outgoing-1 << Access-Control-Allow-Headers: Content-Type, api_key, Authorization
16:07:46.499 [main] DEBUG org.apache.http.headers - http-outgoing-1 << Server: Jetty(9.2.9.v20150224)
16:07:46.500 [main] DEBUG org.apache.http.impl.execchain.MainClientExec - Connection can be kept alive indefinitely
16:07:46.502 [main] DEBUG org.apache.http.wire - http-outgoing-1 << "0[\r][\n]"
16:07:46.503 [main] DEBUG org.apache.http.wire - http-outgoing-1 << "[\r][\n]"
16:07:46.503 [main] DEBUG org.apache.http.impl.conn.PoolingHttpClientConnectionManager - Connection [id: 1][route: {s}->https://petstore.swagger.io:443] can be kept alive indefinitely
16:07:46.504 [main] DEBUG org.apache.http.impl.conn.DefaultManagedHttpClientConnection - http-outgoing-1: set socket timeout to 0
16:07:46.504 [main] DEBUG org.apache.http.impl.conn.PoolingHttpClientConnectionManager - Connection released: [id: 1][route: {s}->https://petstore.swagger.io:443][total available: 1; route allocated: 1 of 5; total allocated: 1 of 10]
16:07:46.504 [main] DEBUG org.apache.http.impl.conn.PoolingHttpClientConnectionManager - Connection manager is shutting down
16:07:46.505 [main] DEBUG org.apache.http.impl.conn.DefaultManagedHttpClientConnection - http-outgoing-1: Close connection
16:07:46.507 [main] DEBUG org.apache.http.impl.conn.PoolingHttpClientConnectionManager - Connection manager shut down
16:07:46.508 [main] DEBUG com.intuit.karate - response time in milliseconds: 341
2 < 200
2 < Date: Thu, 15 Jan 2026 21:07:46 GMT
2 < Content-Type: application/json
2 < Transfer-Encoding: chunked
2 < Connection: keep-alive
2 < Access-Control-Allow-Origin: *
2 < Access-Control-Allow-Methods: GET, POST, DELETE, PUT
2 < Access-Control-Allow-Headers: Content-Type, api_key, Authorization
2 < Server: Jetty(9.2.9.v20150224)
{"id":10001,"category":{"id":1,"name":"dogs"},"name":"Bobby","photoUrls":["https://example.com/photo.jpg"],"tags":[{"id":1,"name":"tag1"}],"status":"available"}

16:07:46.565 [main] DEBUG com.jayway.jsonpath.internal.path.CompiledPath - Evaluating path: $['name']
16:07:46.581 [main] DEBUG com.jayway.jsonpath.internal.path.CompiledPath - Evaluating path: $
16:07:46.592 [main] DEBUG org.apache.http.client.protocol.RequestAddCookies - CookieSpec selected: karate
16:07:46.593 [main] DEBUG org.apache.http.client.protocol.RequestAuthCache - Auth cache not set in the context
16:07:46.593 [main] DEBUG com.intuit.karate - request:
3 > PUT https://petstore.swagger.io/v2/pet
3 > Content-Type: application/json; charset=UTF-8
3 > Content-Length: 163
3 > Host: petstore.swagger.io
3 > Connection: Keep-Alive
3 > User-Agent: Apache-HttpClient/4.5.14 (Java/21.0.7)
3 > Accept-Encoding: gzip,deflate
{"id":10001,"category":{"id":1,"name":"dogs"},"name":"Bobby Sold","photoUrls":["https:\/\/example.com\/photo.jpg"],"tags":[{"id":1,"name":"tag1"}],"status":"sold"}

16:07:46.594 [main] DEBUG org.apache.http.impl.conn.PoolingHttpClientConnectionManager - Connection request: [route: {s}->https://petstore.swagger.io:443][total available: 0; route allocated: 0 of 5; total allocated: 0 of 10]
16:07:46.594 [main] DEBUG org.apache.http.impl.conn.PoolingHttpClientConnectionManager - Connection leased: [id: 2][route: {s}->https://petstore.swagger.io:443][total available: 0; route allocated: 1 of 5; total allocated: 1 of 10]
16:07:46.594 [main] DEBUG org.apache.http.impl.execchain.MainClientExec - Opening connection {s}->https://petstore.swagger.io:443
16:07:46.595 [main] DEBUG org.apache.http.impl.conn.DefaultHttpClientConnectionOperator - Connecting to petstore.swagger.io/35.172.161.73:443
16:07:46.596 [main] DEBUG org.apache.http.conn.ssl.SSLConnectionSocketFactory - Connecting socket to petstore.swagger.io/35.172.161.73:443 with timeout 30000
16:07:46.682 [main] DEBUG org.apache.http.conn.ssl.SSLConnectionSocketFactory - Enabled protocols: [TLSv1.3, TLSv1.2]
16:07:46.683 [main] DEBUG org.apache.http.conn.ssl.SSLConnectionSocketFactory - Enabled cipher suites:[TLS_AES_256_GCM_SHA384, TLS_AES_128_GCM_SHA256, TLS_CHACHA20_POLY1305_SHA256, TLS_ECDHE_ECDSA_WITH_AES_256_GCM_SHA384, TLS_ECDHE_ECDSA_WITH_AES_128_GCM_SHA256, TLS_ECDHE_ECDSA_WITH_CHACHA20_POLY1305_SHA256, TLS_ECDHE_RSA_WITH_AES_256_GCM_SHA384, TLS_ECDHE_RSA_WITH_CHACHA20_POLY1305_SHA256, TLS_ECDHE_RSA_WITH_AES_128_GCM_SHA256, TLS_DHE_RSA_WITH_AES_256_GCM_SHA384, TLS_DHE_RSA_WITH_CHACHA20_POLY1305_SHA256, TLS_DHE_DSS_WITH_AES_256_GCM_SHA384, TLS_DHE_RSA_WITH_AES_128_GCM_SHA256, TLS_DHE_DSS_WITH_AES_128_GCM_SHA256, TLS_ECDHE_ECDSA_WITH_AES_256_CBC_SHA384, TLS_ECDHE_RSA_WITH_AES_256_CBC_SHA384, TLS_ECDHE_ECDSA_WITH_AES_128_CBC_SHA256, TLS_ECDHE_RSA_WITH_AES_128_CBC_SHA256, TLS_DHE_RSA_WITH_AES_256_CBC_SHA256, TLS_DHE_DSS_WITH_AES_256_CBC_SHA256, TLS_DHE_RSA_WITH_AES_128_CBC_SHA256, TLS_DHE_DSS_WITH_AES_128_CBC_SHA256, TLS_ECDHE_ECDSA_WITH_AES_256_CBC_SHA, TLS_ECDHE_RSA_WITH_AES_256_CBC_SHA, TLS_ECDHE_ECDSA_WITH_AES_128_CBC_SHA, TLS_ECDHE_RSA_WITH_AES_128_CBC_SHA, TLS_DHE_RSA_WITH_AES_256_CBC_SHA, TLS_DHE_DSS_WITH_AES_256_CBC_SHA, TLS_DHE_RSA_WITH_AES_128_CBC_SHA, TLS_DHE_DSS_WITH_AES_128_CBC_SHA, TLS_RSA_WITH_AES_256_GCM_SHA384, TLS_RSA_WITH_AES_128_GCM_SHA256, TLS_RSA_WITH_AES_256_CBC_SHA256, TLS_RSA_WITH_AES_128_CBC_SHA256, TLS_RSA_WITH_AES_256_CBC_SHA, TLS_RSA_WITH_AES_128_CBC_SHA, TLS_EMPTY_RENEGOTIATION_INFO_SCSV]
16:07:46.684 [main] DEBUG org.apache.http.conn.ssl.SSLConnectionSocketFactory - Starting handshake
16:07:46.814 [main] DEBUG org.apache.http.conn.ssl.SSLConnectionSocketFactory - Secure session established
16:07:46.814 [main] DEBUG org.apache.http.conn.ssl.SSLConnectionSocketFactory -  negotiated protocol: TLSv1.2
16:07:46.814 [main] DEBUG org.apache.http.conn.ssl.SSLConnectionSocketFactory -  negotiated cipher suite: TLS_ECDHE_RSA_WITH_AES_128_GCM_SHA256
16:07:46.815 [main] DEBUG org.apache.http.conn.ssl.SSLConnectionSocketFactory -  peer principal: CN=*.swagger.io
16:07:46.815 [main] DEBUG org.apache.http.conn.ssl.SSLConnectionSocketFactory -  peer alternative names: [*.swagger.io]
16:07:46.816 [main] DEBUG org.apache.http.conn.ssl.SSLConnectionSocketFactory -  issuer principal: CN=Amazon RSA 2048 M04, O=Amazon, C=US
16:07:46.817 [main] DEBUG org.apache.http.impl.conn.DefaultHttpClientConnectionOperator - Connection established 192.168.0.115:58462<->35.172.161.73:443
16:07:46.818 [main] DEBUG org.apache.http.impl.conn.DefaultManagedHttpClientConnection - http-outgoing-2: set socket timeout to 30000
16:07:46.818 [main] DEBUG org.apache.http.impl.execchain.MainClientExec - Executing request PUT /v2/pet HTTP/1.1
16:07:46.818 [main] DEBUG org.apache.http.impl.execchain.MainClientExec - Target auth state: UNCHALLENGED
16:07:46.819 [main] DEBUG org.apache.http.impl.execchain.MainClientExec - Proxy auth state: UNCHALLENGED
16:07:46.819 [main] DEBUG org.apache.http.headers - http-outgoing-2 >> PUT /v2/pet HTTP/1.1
16:07:46.820 [main] DEBUG org.apache.http.headers - http-outgoing-2 >> Content-Type: application/json; charset=UTF-8
16:07:46.820 [main] DEBUG org.apache.http.headers - http-outgoing-2 >> Content-Length: 163
16:07:46.820 [main] DEBUG org.apache.http.headers - http-outgoing-2 >> Host: petstore.swagger.io
16:07:46.820 [main] DEBUG org.apache.http.headers - http-outgoing-2 >> Connection: Keep-Alive
16:07:46.821 [main] DEBUG org.apache.http.headers - http-outgoing-2 >> User-Agent: Apache-HttpClient/4.5.14 (Java/21.0.7)
16:07:46.821 [main] DEBUG org.apache.http.headers - http-outgoing-2 >> Accept-Encoding: gzip,deflate
16:07:46.822 [main] DEBUG org.apache.http.wire - http-outgoing-2 >> "PUT /v2/pet HTTP/1.1[\r][\n]"
16:07:46.822 [main] DEBUG org.apache.http.wire - http-outgoing-2 >> "Content-Type: application/json; charset=UTF-8[\r][\n]"
16:07:46.823 [main] DEBUG org.apache.http.wire - http-outgoing-2 >> "Content-Length: 163[\r][\n]"
16:07:46.823 [main] DEBUG org.apache.http.wire - http-outgoing-2 >> "Host: petstore.swagger.io[\r][\n]"
16:07:46.823 [main] DEBUG org.apache.http.wire - http-outgoing-2 >> "Connection: Keep-Alive[\r][\n]"
16:07:46.823 [main] DEBUG org.apache.http.wire - http-outgoing-2 >> "User-Agent: Apache-HttpClient/4.5.14 (Java/21.0.7)[\r][\n]"
16:07:46.824 [main] DEBUG org.apache.http.wire - http-outgoing-2 >> "Accept-Encoding: gzip,deflate[\r][\n]"
16:07:46.824 [main] DEBUG org.apache.http.wire - http-outgoing-2 >> "[\r][\n]"
16:07:46.825 [main] DEBUG org.apache.http.wire - http-outgoing-2 >> "{"id":10001,"category":{"id":1,"name":"dogs"},"name":"Bobby Sold","photoUrls":["https:\/\/example.com\/photo.jpg"],"tags":[{"id":1,"name":"tag1"}],"status":"sold"}"
16:07:46.920 [main] DEBUG org.apache.http.wire - http-outgoing-2 << "HTTP/1.1 200 OK[\r][\n]"
16:07:46.921 [main] DEBUG org.apache.http.wire - http-outgoing-2 << "Date: Thu, 15 Jan 2026 21:07:47 GMT[\r][\n]"
16:07:46.921 [main] DEBUG org.apache.http.wire - http-outgoing-2 << "Content-Type: application/json[\r][\n]"
16:07:46.921 [main] DEBUG org.apache.http.wire - http-outgoing-2 << "Transfer-Encoding: chunked[\r][\n]"
16:07:46.921 [main] DEBUG org.apache.http.wire - http-outgoing-2 << "Connection: keep-alive[\r][\n]"
16:07:46.921 [main] DEBUG org.apache.http.wire - http-outgoing-2 << "Access-Control-Allow-Origin: *[\r][\n]"
16:07:46.921 [main] DEBUG org.apache.http.wire - http-outgoing-2 << "Access-Control-Allow-Methods: GET, POST, DELETE, PUT[\r][\n]"
16:07:46.921 [main] DEBUG org.apache.http.wire - http-outgoing-2 << "Access-Control-Allow-Headers: Content-Type, api_key, Authorization[\r][\n]"
16:07:46.922 [main] DEBUG org.apache.http.wire - http-outgoing-2 << "Server: Jetty(9.2.9.v20150224)[\r][\n]"
16:07:46.922 [main] DEBUG org.apache.http.wire - http-outgoing-2 << "[\r][\n]"
16:07:46.922 [main] DEBUG org.apache.http.wire - http-outgoing-2 << "a0[\r][\n]"
16:07:46.922 [main] DEBUG org.apache.http.wire - http-outgoing-2 << "{"id":10001,"category":{"id":1,"name":"dogs"},"name":"Bobby Sold","photoUrls":["https://example.com/photo.jpg"],"tags":[{"id":1,"name":"tag1"}],"status":"sold"}[\r][\n]"
16:07:46.922 [main] DEBUG org.apache.http.headers - http-outgoing-2 << HTTP/1.1 200 OK
16:07:46.922 [main] DEBUG org.apache.http.headers - http-outgoing-2 << Date: Thu, 15 Jan 2026 21:07:47 GMT
16:07:46.922 [main] DEBUG org.apache.http.headers - http-outgoing-2 << Content-Type: application/json
16:07:46.922 [main] DEBUG org.apache.http.headers - http-outgoing-2 << Transfer-Encoding: chunked
16:07:46.922 [main] DEBUG org.apache.http.headers - http-outgoing-2 << Connection: keep-alive
16:07:46.922 [main] DEBUG org.apache.http.headers - http-outgoing-2 << Access-Control-Allow-Origin: *
16:07:46.922 [main] DEBUG org.apache.http.headers - http-outgoing-2 << Access-Control-Allow-Methods: GET, POST, DELETE, PUT
16:07:46.922 [main] DEBUG org.apache.http.headers - http-outgoing-2 << Access-Control-Allow-Headers: Content-Type, api_key, Authorization
16:07:46.922 [main] DEBUG org.apache.http.headers - http-outgoing-2 << Server: Jetty(9.2.9.v20150224)
16:07:46.922 [main] DEBUG org.apache.http.impl.execchain.MainClientExec - Connection can be kept alive indefinitely
16:07:46.923 [main] DEBUG org.apache.http.wire - http-outgoing-2 << "0[\r][\n]"
16:07:46.923 [main] DEBUG org.apache.http.wire - http-outgoing-2 << "[\r][\n]"
16:07:46.923 [main] DEBUG org.apache.http.impl.conn.PoolingHttpClientConnectionManager - Connection [id: 2][route: {s}->https://petstore.swagger.io:443] can be kept alive indefinitely
16:07:46.923 [main] DEBUG org.apache.http.impl.conn.DefaultManagedHttpClientConnection - http-outgoing-2: set socket timeout to 0
16:07:46.923 [main] DEBUG org.apache.http.impl.conn.PoolingHttpClientConnectionManager - Connection released: [id: 2][route: {s}->https://petstore.swagger.io:443][total available: 1; route allocated: 1 of 5; total allocated: 1 of 10]
16:07:46.923 [main] DEBUG org.apache.http.impl.conn.PoolingHttpClientConnectionManager - Connection manager is shutting down
16:07:46.923 [main] DEBUG org.apache.http.impl.conn.DefaultManagedHttpClientConnection - http-outgoing-2: Close connection
16:07:46.924 [main] DEBUG org.apache.http.impl.conn.PoolingHttpClientConnectionManager - Connection manager shut down
16:07:46.924 [main] DEBUG com.intuit.karate - response time in milliseconds: 330
3 < 200
3 < Date: Thu, 15 Jan 2026 21:07:47 GMT
3 < Content-Type: application/json
3 < Transfer-Encoding: chunked
3 < Connection: keep-alive
3 < Access-Control-Allow-Origin: *
3 < Access-Control-Allow-Methods: GET, POST, DELETE, PUT
3 < Access-Control-Allow-Headers: Content-Type, api_key, Authorization
3 < Server: Jetty(9.2.9.v20150224)
{"id":10001,"category":{"id":1,"name":"dogs"},"name":"Bobby Sold","photoUrls":["https://example.com/photo.jpg"],"tags":[{"id":1,"name":"tag1"}],"status":"sold"}

16:07:46.927 [main] DEBUG com.jayway.jsonpath.internal.path.CompiledPath - Evaluating path: $['status']
16:07:46.934 [main] DEBUG org.apache.http.client.protocol.RequestAddCookies - CookieSpec selected: karate
16:07:46.934 [main] DEBUG org.apache.http.client.protocol.RequestAuthCache - Auth cache not set in the context
16:07:46.934 [main] DEBUG com.intuit.karate - request:
4 > GET https://petstore.swagger.io/v2/pet/findByStatus?status=sold
4 > Host: petstore.swagger.io
4 > Connection: Keep-Alive
4 > User-Agent: Apache-HttpClient/4.5.14 (Java/21.0.7)
4 > Accept-Encoding: gzip,deflate


16:07:46.934 [main] DEBUG org.apache.http.impl.conn.PoolingHttpClientConnectionManager - Connection request: [route: {s}->https://petstore.swagger.io:443][total available: 0; route allocated: 0 of 5; total allocated: 0 of 10]
16:07:46.935 [main] DEBUG org.apache.http.impl.conn.PoolingHttpClientConnectionManager - Connection leased: [id: 3][route: {s}->https://petstore.swagger.io:443][total available: 0; route allocated: 1 of 5; total allocated: 1 of 10]
16:07:46.935 [main] DEBUG org.apache.http.impl.execchain.MainClientExec - Opening connection {s}->https://petstore.swagger.io:443
16:07:46.935 [main] DEBUG org.apache.http.impl.conn.DefaultHttpClientConnectionOperator - Connecting to petstore.swagger.io/35.172.161.73:443
16:07:46.935 [main] DEBUG org.apache.http.conn.ssl.SSLConnectionSocketFactory - Connecting socket to petstore.swagger.io/35.172.161.73:443 with timeout 30000
16:07:47.020 [main] DEBUG org.apache.http.conn.ssl.SSLConnectionSocketFactory - Enabled protocols: [TLSv1.3, TLSv1.2]
16:07:47.021 [main] DEBUG org.apache.http.conn.ssl.SSLConnectionSocketFactory - Enabled cipher suites:[TLS_AES_256_GCM_SHA384, TLS_AES_128_GCM_SHA256, TLS_CHACHA20_POLY1305_SHA256, TLS_ECDHE_ECDSA_WITH_AES_256_GCM_SHA384, TLS_ECDHE_ECDSA_WITH_AES_128_GCM_SHA256, TLS_ECDHE_ECDSA_WITH_CHACHA20_POLY1305_SHA256, TLS_ECDHE_RSA_WITH_AES_256_GCM_SHA384, TLS_ECDHE_RSA_WITH_CHACHA20_POLY1305_SHA256, TLS_ECDHE_RSA_WITH_AES_128_GCM_SHA256, TLS_DHE_RSA_WITH_AES_256_GCM_SHA384, TLS_DHE_RSA_WITH_CHACHA20_POLY1305_SHA256, TLS_DHE_DSS_WITH_AES_256_GCM_SHA384, TLS_DHE_RSA_WITH_AES_128_GCM_SHA256, TLS_DHE_DSS_WITH_AES_128_GCM_SHA256, TLS_ECDHE_ECDSA_WITH_AES_256_CBC_SHA384, TLS_ECDHE_RSA_WITH_AES_256_CBC_SHA384, TLS_ECDHE_ECDSA_WITH_AES_128_CBC_SHA256, TLS_ECDHE_RSA_WITH_AES_128_CBC_SHA256, TLS_DHE_RSA_WITH_AES_256_CBC_SHA256, TLS_DHE_DSS_WITH_AES_256_CBC_SHA256, TLS_DHE_RSA_WITH_AES_128_CBC_SHA256, TLS_DHE_DSS_WITH_AES_128_CBC_SHA256, TLS_ECDHE_ECDSA_WITH_AES_256_CBC_SHA, TLS_ECDHE_RSA_WITH_AES_256_CBC_SHA, TLS_ECDHE_ECDSA_WITH_AES_128_CBC_SHA, TLS_ECDHE_RSA_WITH_AES_128_CBC_SHA, TLS_DHE_RSA_WITH_AES_256_CBC_SHA, TLS_DHE_DSS_WITH_AES_256_CBC_SHA, TLS_DHE_RSA_WITH_AES_128_CBC_SHA, TLS_DHE_DSS_WITH_AES_128_CBC_SHA, TLS_RSA_WITH_AES_256_GCM_SHA384, TLS_RSA_WITH_AES_128_GCM_SHA256, TLS_RSA_WITH_AES_256_CBC_SHA256, TLS_RSA_WITH_AES_128_CBC_SHA256, TLS_RSA_WITH_AES_256_CBC_SHA, TLS_RSA_WITH_AES_128_CBC_SHA, TLS_EMPTY_RENEGOTIATION_INFO_SCSV]
16:07:47.021 [main] DEBUG org.apache.http.conn.ssl.SSLConnectionSocketFactory - Starting handshake
16:07:47.129 [main] DEBUG org.apache.http.conn.ssl.SSLConnectionSocketFactory - Secure session established
16:07:47.129 [main] DEBUG org.apache.http.conn.ssl.SSLConnectionSocketFactory -  negotiated protocol: TLSv1.2
16:07:47.129 [main] DEBUG org.apache.http.conn.ssl.SSLConnectionSocketFactory -  negotiated cipher suite: TLS_ECDHE_RSA_WITH_AES_128_GCM_SHA256
16:07:47.129 [main] DEBUG org.apache.http.conn.ssl.SSLConnectionSocketFactory -  peer principal: CN=*.swagger.io
16:07:47.129 [main] DEBUG org.apache.http.conn.ssl.SSLConnectionSocketFactory -  peer alternative names: [*.swagger.io]
16:07:47.129 [main] DEBUG org.apache.http.conn.ssl.SSLConnectionSocketFactory -  issuer principal: CN=Amazon RSA 2048 M04, O=Amazon, C=US
16:07:47.130 [main] DEBUG org.apache.http.impl.conn.DefaultHttpClientConnectionOperator - Connection established 192.168.0.115:58463<->35.172.161.73:443
16:07:47.133 [main] DEBUG org.apache.http.impl.conn.DefaultManagedHttpClientConnection - http-outgoing-3: set socket timeout to 30000
16:07:47.133 [main] DEBUG org.apache.http.impl.execchain.MainClientExec - Executing request GET /v2/pet/findByStatus?status=sold HTTP/1.1
16:07:47.134 [main] DEBUG org.apache.http.impl.execchain.MainClientExec - Target auth state: UNCHALLENGED
16:07:47.135 [main] DEBUG org.apache.http.impl.execchain.MainClientExec - Proxy auth state: UNCHALLENGED
16:07:47.135 [main] DEBUG org.apache.http.headers - http-outgoing-3 >> GET /v2/pet/findByStatus?status=sold HTTP/1.1
16:07:47.136 [main] DEBUG org.apache.http.headers - http-outgoing-3 >> Host: petstore.swagger.io
16:07:47.136 [main] DEBUG org.apache.http.headers - http-outgoing-3 >> Connection: Keep-Alive
16:07:47.136 [main] DEBUG org.apache.http.headers - http-outgoing-3 >> User-Agent: Apache-HttpClient/4.5.14 (Java/21.0.7)
16:07:47.136 [main] DEBUG org.apache.http.headers - http-outgoing-3 >> Accept-Encoding: gzip,deflate
16:07:47.136 [main] DEBUG org.apache.http.wire - http-outgoing-3 >> "GET /v2/pet/findByStatus?status=sold HTTP/1.1[\r][\n]"
16:07:47.137 [main] DEBUG org.apache.http.wire - http-outgoing-3 >> "Host: petstore.swagger.io[\r][\n]"
16:07:47.137 [main] DEBUG org.apache.http.wire - http-outgoing-3 >> "Connection: Keep-Alive[\r][\n]"
16:07:47.137 [main] DEBUG org.apache.http.wire - http-outgoing-3 >> "User-Agent: Apache-HttpClient/4.5.14 (Java/21.0.7)[\r][\n]"
16:07:47.138 [main] DEBUG org.apache.http.wire - http-outgoing-3 >> "Accept-Encoding: gzip,deflate[\r][\n]"
16:07:47.138 [main] DEBUG org.apache.http.wire - http-outgoing-3 >> "[\r][\n]"
16:07:47.237 [main] DEBUG org.apache.http.wire - http-outgoing-3 << "HTTP/1.1 200 OK[\r][\n]"
16:07:47.238 [main] DEBUG org.apache.http.wire - http-outgoing-3 << "Date: Thu, 15 Jan 2026 21:07:47 GMT[\r][\n]"
16:07:47.238 [main] DEBUG org.apache.http.wire - http-outgoing-3 << "Content-Type: application/json[\r][\n]"
16:07:47.238 [main] DEBUG org.apache.http.wire - http-outgoing-3 << "Transfer-Encoding: chunked[\r][\n]"
16:07:47.238 [main] DEBUG org.apache.http.wire - http-outgoing-3 << "Connection: keep-alive[\r][\n]"
16:07:47.239 [main] DEBUG org.apache.http.wire - http-outgoing-3 << "Access-Control-Allow-Origin: *[\r][\n]"
16:07:47.239 [main] DEBUG org.apache.http.wire - http-outgoing-3 << "Access-Control-Allow-Methods: GET, POST, DELETE, PUT[\r][\n]"
16:07:47.239 [main] DEBUG org.apache.http.wire - http-outgoing-3 << "Access-Control-Allow-Headers: Content-Type, api_key, Authorization[\r][\n]"
16:07:47.239 [main] DEBUG org.apache.http.wire - http-outgoing-3 << "Server: Jetty(9.2.9.v20150224)[\r][\n]"
16:07:47.239 [main] DEBUG org.apache.http.wire - http-outgoing-3 << "[\r][\n]"
16:07:47.239 [main] DEBUG org.apache.http.wire - http-outgoing-3 << "2b82[\r][\n]"
16:07:47.243 [main] DEBUG org.apache.http.wire - http-outgoing-3 << "[{"id":60,"category":{"id":0,"name":"string"},"name":"doggie","photoUrls":["string"],"tags":[{"id":0,"name":"string"}],"status":"sold"},{"id":690,"category":{"id":6,"name":"dogs"},"name":"Sharikk","photoUrls":["string"],"tags":[{"id":6,"name":"dogs"}],"status":"sold"},{"id":13,"category":{"id":0,"name":"cats"},"photoUrls":["string"],"tags":[{"id":0,"name":"string"}],"status":"sold"},{"id":1004,"name":"Rocky","photoUrls":[],"tags":[],"status":"sold"},{"id":601,"category":{"id":6,"name":"dogs"},"name":"ala","photoUrls":["string"],"tags":[{"id":6,"name":"dogs"}],"status":"sold"},{"id":148,"category":{"id":6,"name":"dogs"},"name":"ala","photoUrls":["string"],"tags":[{"id":6,"name":"dogs"}],"status":"sold"},{"id":866,"category":{"id":6,"name":"dogs"},"name":"ala","photoUrls":["string"],"tags":[{"id":6,"name":"dogs"}],"status":"sold"},{"id":610,"category":{"id":6,"name":"dogs"},"name":"ala","photoUrls":["string"],"tags":[{"id":6,"name":"dogs"}],"status":"sold"},{"id":1768496309,"category":{"id":1768496309,"name":"dog"},"name":"hello kity","photoUrls":["http://foo.bar.com/1","http://foo.bar.com/2"],"tags":[{"id":1768496309,"name":"blank"}],"status":"sold"},{"id":1768496314,"category":{"id":1768496314,"name":"dog"},"name":"hello kity","photoUrls":["http://foo.bar.com/1","http://foo.bar.com/2"],"tags":[{"id":1768496314,"name":"swagger-codegen-python-pet-tag"}],"status":"sold"},{"id":894,"category":{"id":6,"name":"dogs"},"name":"ala","photoUrls":["string"],"tags":[{"id":6,"name":"dogs"}],"status":"sold"},{"id":468,"category":{"id":6,"name":"dogs"},"name":"ala","photoUrls":["string"],"tags":[{"id":6,"name":"dogs"}],"status":"sold"},{"id":183,"category":{"id":6,"name":"dogs"},"name":"ala","photoUrls":["string"],"tags":[{"id":6,"name":"dogs"}],"status":"sold"},{"id":204,"category":{"id":616,"name":"Tasty Metal Pizza"},"name":"Handcrafted Frozen Ball","photoUrls":["http://placeimg.com/640/480/animals"],"tags":[{"id":293,"name":"delectus"},{"id":104,"name":"in voluptates et"}],"status":"sold"},{"id":132,"category":{"id":6,"name":"dogs"},"name":"ala","photoUrls":["string"],"tags":[{"id":6,"name":"dogs"}],"status":"sold"},{"id":847,"category":{"id":6,"name":"dogs"},"name":"ala","photoUrls":["string"],"tags":[{"id":6,"name":"dogs"}],"status":"sold"},{"id":209,"category":{"id":6,"name":"dogs"},"name":"ala","photoUrls":["string"],"tags":[{"id":6,"name":"dogs"}],"status":"sold"},{"id":704,"category":{"id":6,"name":"dogs"},"name":"ala","photoUrls":["string"],"tags":[{"id":6,"name":"dogs"}],"status":"sold"},{"id":951,"category":{"id":6,"name":"dogs"},"name":"ala","photoUrls":["string"],"tags":[{"id":6,"name":"dogs"}],"status":"sold"},{"id":75,"category":{"id":6,"name":"dogs"},"name":"ala","photoUrls":["string"],"tags":[{"id":6,"name":"dogs"}],"status":"sold"},{"id":659,"category":{"id":6,"name":"dogs"},"name":"ala","photoUrls":["string"],"tags":[{"id":6,"name":"dogs"}],"status":"sold"},{"id":341,"category":{"id":6,"name":"dogs"},"name":"Sharikk","photoUrls":["string"],"tags":[{"id":6,"name":"dogs"}],"status":"sold"},{"id":56331470,"category":{"id":28262311,"name":"nostrud proident"},"name":"doggie","photoUrls":["sunt dolor veniam aliqua","nulla anim ex"],"tags":[{"id":21515670,"name":"voluptate in elit ani"},{"id":-36858804,"name":"proident non deserunt"}],"status":"sold"},{"id":824,"category":{"id":6,"name":"dogs"},"name":"Sharikk","photoUrls":["string"],"tags":[{"id":6,"name":"dogs"}],"status":"sold"},{"id":85730,"category":{"id":7,"name":"Reptiles"},"name":"[0xd0][0xa8][0xd0][0xb0][0xd1][0x80][0xd0][0xb8][0xd0][0xba]","photoUrls":["https://dummyimage.com/200x200"],"tags":[{"id":10,"name":"race"}],"status":"sold"},{"id":3708840,"category":{"id":9855812,"name":"Duis in commodo"},"name":"doggie","photoUrls":["minim id in sit","est esse culpa nisi"],"tags":[{"id":-89808508,"name":"sit"},{"id":-5238278,"name":"dolor in"}],"status":"sold"},{"id":91507602,"category":{"id":-95494262,"name":"sit ea"},"name":"doggie","photoUrls":["deserunt","id sint et"],"tags":[{"id":-54029842,"name":"ullamco"},{"id":13198949,"name":"id"}],"status":"sold"},{"id":24093935,"category":{"id":-6714225,"name":"do magna"},"name":"doggie","photoUrls":["aute","velit"],"tags":[{"id":71561130,"name":"deserunt ut occaecat"},{"id":-1195842,"name":"nulla nostrud occaeca"}],"status":"sold"},{"id":3903023,"category":{"id":-56789506,"name":"cillum p"},"name":"doggie","photoUrls":["aliquip Excepteur","commodo dolore consequat eu"],"tags":[{"id":60937326,"name":"irure in"},{"id":20218536,"name":"sint consectetur ad voluptate"}],"status":"sold"},{"id":12365,"category":{"id":333,"name":"[0xd0][0xbb][0xd0][0xb8][0xd1][0x81][0xd1][0x8b]"},"name":"[0xd0][0xb0][0xd1][0x80][0xd1][0x87][0xd0][0xb8]","photoUrls":["string"],"tags":[{"id":0,"name":"string"}],"status":"sold"},{"id":32149,"category":{"id":777,"name":"[0xd0][0xbf][0xd1][0x82][0xd0][0xb8][0xd1][0x86][0xd1][0x8b]"},"name":"[0xd0][0xba][0xd0][0xb5][0xd1][0x88][0xd0][0xb0]","photoUrls":["string"],"tags":[{"id":0,"name":"string"}],"status":"sold"},{"id":9,"category":{"id":0,"name":"cats"},"name":"King Kong","photoUrls":["string"],"tags":[{"id":0,"name":"string"}],"status":"sold"},{"id":12366,"category":{"id":333,"name":"[0xd0][0xbb][0xd0][0xb8][0xd1][0x81][0xd1][0x8b]"},"name":"[0xd0][0xb0][0xd1][0x80][0xd1][0x87][0xd0][0xb8]","photoUrls":["string"],"tags":[{"id":0,"name":"string"}],"status":"sold"},{"id":32146,"category":{"id":333,"name":"[0xd0][0xbb][0xd0][0xb8][0xd1][0x81][0xd1][0x8b]"},"name":"[0xd0][0xb0][0xd1][0x80][0xd1][0x87][0xd0][0xb8]","photoUrls":["string"],"tags":[{"id":0,"name":"string"}],"status":"sold"},{"id":32145,"category":{"id":777,"name":"[0xd0][0xbf][0xd1][0x82][0xd0][0xb8][0xd1][0x86][0xd1][0x8b]"},"name":"","photoUrls":["string"],"tags":[{"id":0,"name":"string"}],"status":"sold"},{"id":63685,"category":{"id":1,"name":"Dogs"},"name":"Pet with sold status","photoUrls":["https://example.com/photo1.jpg","https://example.com/photo2.jpg"],"tags":[{"id":1,"name":"friendly"},{"id":2,"name":"trained"}],"status":"sold"},{"id":1768506958,"category":{"id":1768506958,"name":"dog"},"name":"hello kity","photoUrls":["http://foo.bar.com/1","http://foo.bar.com/2"],"tags":[{"id":1768506958,"name":"blank"}],"status":"sold"},{"id":1768506962,"category":{"id":1768506962,"name":"dog"},"name":"hello kity","photoUrls":["http://foo.bar.com/1","http://foo.bar.com/2"],"tags":[{"id":1768506962,"name":"swagger-codegen-python-pet-tag"}],"status":"sold"},{"id":16,"category":{"id":1,"name":"boy"},"name":"Tom","photoUrls":["https://upload.wikimedia.org/wikipedia/commons/0/0c/Deutscher_Sch%C3%A4ferhund-_portrait.JPG"],"tags":[{"id":16,"name":"nemeckaya ovcharka"}],"status":"sold"},{"id":78,"category":{"id":2,"name":"updated"},"name":"Cat","photoUrls":["https://example.com/cat.jpg"],"tags":[{"id":1,"name":"updated"}],"status":"sold"},{"id":3281,"category":{"id":6481,"name":"string"},"name":"23233","photoUrls":["string","string"],"tags":[{"id":3698,"name":"string"},{"id":4749,"name":"string"}],"status":"sold"},{"id":1768510028296,"category":{"id":1,"name":"Dogs"},"name":"Minik","photoUrls":["testdata/pet.jpg"],"tags":[{"id":1,"name":"friendly"}],"status":"sold"},{"id":55559,"category":{"id":1,"name":"Perro"},"name":"Zeus II","photoUrls":[],"tags":[],"status":"sold"},{"id":62751340,"category":{"id":-37441254,"name":"aute cillum voluptate veniam"},"name":"doggie","photoUrls":["mollit veniam","dolor enim reprehenderit"],"tags":[{"id":91709679,"name":"anim adipisicing"},{"id":919209,"name":"sint anim"}],"status":"sold"},{"id":23437566,"category":{"id":-46393995,"name":"ex ea culpa"},"name":"doggie","photoUrls":["ut ex veniam dolor","in aliquip"],"tags":[{"id":91638732,"name":"Excepteur ea commodo esse"},{"id":42980181,"name":"nulla officia ut labore"}],"status":"sold"},{"id":5644444,"category":{"id":566555,"name":"nulla minim laborum deserunt"},"name":"[0xd0][0xa1][0xd0][0xbe][0xd0][0xb1][0xd0][0xb0][0xd0][0xba][0xd0][0xb0]","photoUrls":["anim ullamco laborum eu","eiusm"],"tags":[{"id":10156776,"name":"cillum adipisicing"},{"id":-53013483,"name":"sit Ut enim dolore"}],"status":"sold"},{"id":33377689,"category":{"id":-5871190,"name":"in voluptate velit proident"},"name":"doggie","photoUrls":["amet in","aute in"],"tags":[{"id":-26593919,"name":"tempor eiusmod ipsum"},{"id":78722837,"name":"in sit ullamco aliqua qui"}],"status"
16:07:47.245 [main] DEBUG org.apache.http.headers - http-outgoing-3 << HTTP/1.1 200 OK
16:07:47.246 [main] DEBUG org.apache.http.headers - http-outgoing-3 << Date: Thu, 15 Jan 2026 21:07:47 GMT
16:07:47.246 [main] DEBUG org.apache.http.headers - http-outgoing-3 << Content-Type: application/json
16:07:47.246 [main] DEBUG org.apache.http.headers - http-outgoing-3 << Transfer-Encoding: chunked
16:07:47.246 [main] DEBUG org.apache.http.headers - http-outgoing-3 << Connection: keep-alive
16:07:47.246 [main] DEBUG org.apache.http.headers - http-outgoing-3 << Access-Control-Allow-Origin: *
16:07:47.247 [main] DEBUG org.apache.http.headers - http-outgoing-3 << Access-Control-Allow-Methods: GET, POST, DELETE, PUT
16:07:47.247 [main] DEBUG org.apache.http.headers - http-outgoing-3 << Access-Control-Allow-Headers: Content-Type, api_key, Authorization
16:07:47.247 [main] DEBUG org.apache.http.headers - http-outgoing-3 << Server: Jetty(9.2.9.v20150224)
16:07:47.248 [main] DEBUG org.apache.http.impl.execchain.MainClientExec - Connection can be kept alive indefinitely
16:07:47.249 [main] DEBUG org.apache.http.wire - http-outgoing-3 << "":"sold"},{"id":79897977,"category":{"id":-43696612,"name":"exercitation"},"name":"doggie","photoUrls":["dolor","velit voluptate"],"tags":[{"id":59218385,"name":"aliqua"},{"id":72829050,"name":"nostrud ut"}],"status":"sold"},{"id":52931566,"category":{"id":91307171,"name":"sint aliqua"},"name":"doggie","photoUrls":["ut culpa null","quis"],"tags":[{"id":-40794559,"name":"velit proident nulla"},{"id":-14228534,"name":"ess"}],"status":"sold"},{"id":38480305,"category":{"id":-59161747,"name":"Duis voluptate consequat"},"name":"doggie","photoUrls":["ex enim ","nisi est"],"tags":[{"id":49121599,"name":"non anim exercitation"},{"id":2672065,"name":"sint"}],"status":"sold"},{"id":12,"category":{"id":0,"name":"dogs"},"name":"Fido","photoUrls":["string"],"tags":[{"id":0,"name":"string"}],"status":"sold"},{"id":71551342,"category":{"id":14955550,"name":"ipsum do amet"},"name":"doggie","photoUrls":["dolore dolor","pariatur elit ea"],"tags":[{"id":-17398234,"name":"non ex"},{"id":-32010324,"name":"ut culpa aliqua est non""
16:07:47.250 [main] DEBUG org.apache.http.wire - http-outgoing-3 << "}],"status":"sold"},{"id":70119872,"category":{"id":93142102,"name":"[0xd0][0x97][0xd0][0xbc][0xd0][0xb5][0xd1][0x8f]"},"name":"[0xd0][0x90][0xd0][0xbd][0xd0][0xb0][0xd0][0xba][0xd0][0xbe][0xd0][0xbd][0xd0][0xb4][0xd0][0xb0]","photoUrls":["mollit","https://irecommend.ru/sites/default/files/product-images/98227/3lJyZagay9aoxv06o6TJCQ.jpg"],"tags":[{"id":-19037377,"name":"deserunt veniam nulla reprehenderit"},{"id":51503358,"name":"ullamco aliqua Excepteur cillum"}],"status":"sold"},{"id":70119872000,"category":{"id":93142102,"name":"[0xd0][0x97][0xd0][0xb0][0xd1][0x8f][0xd1][0x86] [0xd1][0x84][0xd1][0x80][0xd0][0xb0][0xd0][0xbd][0xd1][0x86][0xd1][0x83][0xd0][0xb7][0xd1][0x81][0xd0][0xba][0xd0][0xb8][0xd0][0xb9] 2"},"name":"LAPIN LAPIN","photoUrls":["mollit","https://irecommend.ru/sites/default/files/product-images/98227/3lJyZagay9aoxv06o6TJCQ.jpg"],"tags":[{"id":-19037377,"name":"deserunt veniam nulla reprehenderit"},{"id":51503358,"name":"ullamco aliqua Excepteur cillum"}],"status":"sold"},{"id":777123,"category":{"id":777123,"name":"fish"},"name":"Nemo","photoUrls":["https://img1.fonwall.ru/o/hl/sea-photography-flower-underwater.jpeg?route=mid&amp;h=750","https://img1.fonwall.ru/o/hl/sea-photography-flower-underwater.jpeg?route=mid&amp;h=750"],"tags":[{"id":123,"name":"pri"
16:07:47.251 [main] DEBUG org.apache.http.wire - http-outgoing-3 << "ff"},{"id":123,"name":"ribka"}],"status":"sold"},{"id":9223372036854773917,"category":{"id":0,"name":"string"},"name":"boss2.0","photoUrls":["string"],"tags":[{"id":0,"name":"string"}],"status":"sold"},{"id":24364310,"category":{"id":-12307344,"name":"kitten [0xd0][0xb1][0xd1][0x84][0xd1][0x80][0xd0][0xbc][0xd0][0xb0][0xd0][0xbb][0xd0][0xb5][0xd0][0xb9][0xd0][0xba][0xd0][0xb0]"},"name":"kitten1","photoUrls":["dolor in","occaecat dolore consectetur adipisicing"],"tags":[{"id":-22679152,"name":"non ex"},{"id":33284191,"name":"sed pariatur in"}],"status":"sold"},{"id":2022000,"category":{"id":0,"name":"bird"},"name":"Star","photoUrls":["string"],"tags":[{"id":0,"name":"shy"}],"status":"sold"},{"id":87705905,"category":{"id":22032096,"name":"reprehenderit in minim"},"name":"doggie","photoUrls":["cillum Ut ","et adipisicing consequat"],"tags":[{"id":-14103627,"name":"reprehenderit"},{"id":47181501,"name":"occaecat"}],"status":"sold"},{"id":51338511,"category":{"id":43003430,"name":"ex ullamco"},"name":"doggie","photoUrls":["sit ipsum","nulla eu aliqua incididunt"],"tags":[{"id":1864541,"name":"anim elit amet"},{"
16:07:47.252 [main] DEBUG org.apache.http.wire - http-outgoing-3 << ""id":98553871,"name":"ut"}],"status":"sold"},{"id":10001,"category":{"id":1,"name":"dogs"},"name":"Bobby Sold","photoUrls":["https://example.com/photo.jpg"],"tags":[{"id":1,"name":"tag1"}],"status":"sold"}][\r][\n]"
16:07:47.253 [main] DEBUG org.apache.http.wire - http-outgoing-3 << "0[\r][\n]"
16:07:47.254 [main] DEBUG org.apache.http.wire - http-outgoing-3 << "[\r][\n]"
16:07:47.255 [main] DEBUG org.apache.http.impl.conn.PoolingHttpClientConnectionManager - Connection [id: 3][route: {s}->https://petstore.swagger.io:443] can be kept alive indefinitely
16:07:47.255 [main] DEBUG org.apache.http.impl.conn.DefaultManagedHttpClientConnection - http-outgoing-3: set socket timeout to 0
16:07:47.255 [main] DEBUG org.apache.http.impl.conn.PoolingHttpClientConnectionManager - Connection released: [id: 3][route: {s}->https://petstore.swagger.io:443][total available: 1; route allocated: 1 of 5; total allocated: 1 of 10]
16:07:47.255 [main] DEBUG org.apache.http.impl.conn.PoolingHttpClientConnectionManager - Connection manager is shutting down
16:07:47.256 [main] DEBUG org.apache.http.impl.conn.DefaultManagedHttpClientConnection - http-outgoing-3: Close connection
16:07:47.258 [main] DEBUG org.apache.http.impl.conn.PoolingHttpClientConnectionManager - Connection manager shut down
16:07:47.262 [main] DEBUG com.intuit.karate - response time in milliseconds: 321
4 < 200
4 < Date: Thu, 15 Jan 2026 21:07:47 GMT
4 < Content-Type: application/json
4 < Transfer-Encoding: chunked
4 < Connection: keep-alive
4 < Access-Control-Allow-Origin: *
4 < Access-Control-Allow-Methods: GET, POST, DELETE, PUT
4 < Access-Control-Allow-Headers: Content-Type, api_key, Authorization
4 < Server: Jetty(9.2.9.v20150224)
[{"id":60,"category":{"id":0,"name":"string"},"name":"doggie","photoUrls":["string"],"tags":[{"id":0,"name":"string"}],"status":"sold"},{"id":690,"category":{"id":6,"name":"dogs"},"name":"Sharikk","photoUrls":["string"],"tags":[{"id":6,"name":"dogs"}],"status":"sold"},{"id":13,"category":{"id":0,"name":"cats"},"photoUrls":["string"],"tags":[{"id":0,"name":"string"}],"status":"sold"},{"id":1004,"name":"Rocky","photoUrls":[],"tags":[],"status":"sold"},{"id":601,"category":{"id":6,"name":"dogs"},"name":"ala","photoUrls":["string"],"tags":[{"id":6,"name":"dogs"}],"status":"sold"},{"id":148,"category":{"id":6,"name":"dogs"},"name":"ala","photoUrls":["string"],"tags":[{"id":6,"name":"dogs"}],"status":"sold"},{"id":866,"category":{"id":6,"name":"dogs"},"name":"ala","photoUrls":["string"],"tags":[{"id":6,"name":"dogs"}],"status":"sold"},{"id":610,"category":{"id":6,"name":"dogs"},"name":"ala","photoUrls":["string"],"tags":[{"id":6,"name":"dogs"}],"status":"sold"},{"id":1768496309,"category":{"id":1768496309,"name":"dog"},"name":"hello kity","photoUrls":["http://foo.bar.com/1","http://foo.bar.com/2"],"tags":[{"id":1768496309,"name":"blank"}],"status":"sold"},{"id":1768496314,"category":{"id":1768496314,"name":"dog"},"name":"hello kity","photoUrls":["http://foo.bar.com/1","http://foo.bar.com/2"],"tags":[{"id":1768496314,"name":"swagger-codegen-python-pet-tag"}],"status":"sold"},{"id":894,"category":{"id":6,"name":"dogs"},"name":"ala","photoUrls":["string"],"tags":[{"id":6,"name":"dogs"}],"status":"sold"},{"id":468,"category":{"id":6,"name":"dogs"},"name":"ala","photoUrls":["string"],"tags":[{"id":6,"name":"dogs"}],"status":"sold"},{"id":183,"category":{"id":6,"name":"dogs"},"name":"ala","photoUrls":["string"],"tags":[{"id":6,"name":"dogs"}],"status":"sold"},{"id":204,"category":{"id":616,"name":"Tasty Metal Pizza"},"name":"Handcrafted Frozen Ball","photoUrls":["http://placeimg.com/640/480/animals"],"tags":[{"id":293,"name":"delectus"},{"id":104,"name":"in voluptates et"}],"status":"sold"},{"id":132,"category":{"id":6,"name":"dogs"},"name":"ala","photoUrls":["string"],"tags":[{"id":6,"name":"dogs"}],"status":"sold"},{"id":847,"category":{"id":6,"name":"dogs"},"name":"ala","photoUrls":["string"],"tags":[{"id":6,"name":"dogs"}],"status":"sold"},{"id":209,"category":{"id":6,"name":"dogs"},"name":"ala","photoUrls":["string"],"tags":[{"id":6,"name":"dogs"}],"status":"sold"},{"id":704,"category":{"id":6,"name":"dogs"},"name":"ala","photoUrls":["string"],"tags":[{"id":6,"name":"dogs"}],"status":"sold"},{"id":951,"category":{"id":6,"name":"dogs"},"name":"ala","photoUrls":["string"],"tags":[{"id":6,"name":"dogs"}],"status":"sold"},{"id":75,"category":{"id":6,"name":"dogs"},"name":"ala","photoUrls":["string"],"tags":[{"id":6,"name":"dogs"}],"status":"sold"},{"id":659,"category":{"id":6,"name":"dogs"},"name":"ala","photoUrls":["string"],"tags":[{"id":6,"name":"dogs"}],"status":"sold"},{"id":341,"category":{"id":6,"name":"dogs"},"name":"Sharikk","photoUrls":["string"],"tags":[{"id":6,"name":"dogs"}],"status":"sold"},{"id":56331470,"category":{"id":28262311,"name":"nostrud proident"},"name":"doggie","photoUrls":["sunt dolor veniam aliqua","nulla anim ex"],"tags":[{"id":21515670,"name":"voluptate in elit ani"},{"id":-36858804,"name":"proident non deserunt"}],"status":"sold"},{"id":824,"category":{"id":6,"name":"dogs"},"name":"Sharikk","photoUrls":["string"],"tags":[{"id":6,"name":"dogs"}],"status":"sold"},{"id":85730,"category":{"id":7,"name":"Reptiles"},"name":"Шарик","photoUrls":["https://dummyimage.com/200x200"],"tags":[{"id":10,"name":"race"}],"status":"sold"},{"id":3708840,"category":{"id":9855812,"name":"Duis in commodo"},"name":"doggie","photoUrls":["minim id in sit","est esse culpa nisi"],"tags":[{"id":-89808508,"name":"sit"},{"id":-5238278,"name":"dolor in"}],"status":"sold"},{"id":91507602,"category":{"id":-95494262,"name":"sit ea"},"name":"doggie","photoUrls":["deserunt","id sint et"],"tags":[{"id":-54029842,"name":"ullamco"},{"id":13198949,"name":"id"}],"status":"sold"},{"id":24093935,"category":{"id":-6714225,"name":"do magna"},"name":"doggie","photoUrls":["aute","velit"],"tags":[{"id":71561130,"name":"deserunt ut occaecat"},{"id":-1195842,"name":"nulla nostrud occaeca"}],"status":"sold"},{"id":3903023,"category":{"id":-56789506,"name":"cillum p"},"name":"doggie","photoUrls":["aliquip Excepteur","commodo dolore consequat eu"],"tags":[{"id":60937326,"name":"irure in"},{"id":20218536,"name":"sint consectetur ad voluptate"}],"status":"sold"},{"id":12365,"category":{"id":333,"name":"лисы"},"name":"арчи","photoUrls":["string"],"tags":[{"id":0,"name":"string"}],"status":"sold"},{"id":32149,"category":{"id":777,"name":"птицы"},"name":"кеша","photoUrls":["string"],"tags":[{"id":0,"name":"string"}],"status":"sold"},{"id":9,"category":{"id":0,"name":"cats"},"name":"King Kong","photoUrls":["string"],"tags":[{"id":0,"name":"string"}],"status":"sold"},{"id":12366,"category":{"id":333,"name":"лисы"},"name":"арчи","photoUrls":["string"],"tags":[{"id":0,"name":"string"}],"status":"sold"},{"id":32146,"category":{"id":333,"name":"лисы"},"name":"арчи","photoUrls":["string"],"tags":[{"id":0,"name":"string"}],"status":"sold"},{"id":32145,"category":{"id":777,"name":"птицы"},"name":"","photoUrls":["string"],"tags":[{"id":0,"name":"string"}],"status":"sold"},{"id":63685,"category":{"id":1,"name":"Dogs"},"name":"Pet with sold status","photoUrls":["https://example.com/photo1.jpg","https://example.com/photo2.jpg"],"tags":[{"id":1,"name":"friendly"},{"id":2,"name":"trained"}],"status":"sold"},{"id":1768506958,"category":{"id":1768506958,"name":"dog"},"name":"hello kity","photoUrls":["http://foo.bar.com/1","http://foo.bar.com/2"],"tags":[{"id":1768506958,"name":"blank"}],"status":"sold"},{"id":1768506962,"category":{"id":1768506962,"name":"dog"},"name":"hello kity","photoUrls":["http://foo.bar.com/1","http://foo.bar.com/2"],"tags":[{"id":1768506962,"name":"swagger-codegen-python-pet-tag"}],"status":"sold"},{"id":16,"category":{"id":1,"name":"boy"},"name":"Tom","photoUrls":["https://upload.wikimedia.org/wikipedia/commons/0/0c/Deutscher_Sch%C3%A4ferhund-_portrait.JPG"],"tags":[{"id":16,"name":"nemeckaya ovcharka"}],"status":"sold"},{"id":78,"category":{"id":2,"name":"updated"},"name":"Cat","photoUrls":["https://example.com/cat.jpg"],"tags":[{"id":1,"name":"updated"}],"status":"sold"},{"id":3281,"category":{"id":6481,"name":"string"},"name":"23233","photoUrls":["string","string"],"tags":[{"id":3698,"name":"string"},{"id":4749,"name":"string"}],"status":"sold"},{"id":1768510028296,"category":{"id":1,"name":"Dogs"},"name":"Minik","photoUrls":["testdata/pet.jpg"],"tags":[{"id":1,"name":"friendly"}],"status":"sold"},{"id":55559,"category":{"id":1,"name":"Perro"},"name":"Zeus II","photoUrls":[],"tags":[],"status":"sold"},{"id":62751340,"category":{"id":-37441254,"name":"aute cillum voluptate veniam"},"name":"doggie","photoUrls":["mollit veniam","dolor enim reprehenderit"],"tags":[{"id":91709679,"name":"anim adipisicing"},{"id":919209,"name":"sint anim"}],"status":"sold"},{"id":23437566,"category":{"id":-46393995,"name":"ex ea culpa"},"name":"doggie","photoUrls":["ut ex veniam dolor","in aliquip"],"tags":[{"id":91638732,"name":"Excepteur ea commodo esse"},{"id":42980181,"name":"nulla officia ut labore"}],"status":"sold"},{"id":5644444,"category":{"id":566555,"name":"nulla minim laborum deserunt"},"name":"Собака","photoUrls":["anim ullamco laborum eu","eiusm"],"tags":[{"id":10156776,"name":"cillum adipisicing"},{"id":-53013483,"name":"sit Ut enim dolore"}],"status":"sold"},{"id":33377689,"category":{"id":-5871190,"name":"in voluptate velit proident"},"name":"doggie","photoUrls":["amet in","aute in"],"tags":[{"id":-26593919,"name":"tempor eiusmod ipsum"},{"id":78722837,"name":"in sit ullamco aliqua qui"}],"status":"sold"},{"id":79897977,"category":{"id":-43696612,"name":"exercitation"},"name":"doggie","photoUrls":["dolor","velit voluptate"],"tags":[{"id":59218385,"name":"aliqua"},{"id":72829050,"name":"nostrud ut"}],"status":"sold"},{"id":52931566,"category":{"id":91307171,"name":"sint aliqua"},"name":"doggie","photoUrls":["ut culpa null","quis"],"tags":[{"id":-40794559,"name":"velit proident nulla"},{"id":-14228534,"name":"ess"}],"status":"sold"},{"id":38480305,"category":{"id":-59161747,"name":"Duis voluptate consequat"},"name":"doggie","photoUrls":["ex enim ","nisi est"],"tags":[{"id":49121599,"name":"non anim exercitation"},{"id":2672065,"name":"sint"}],"status":"sold"},{"id":12,"category":{"id":0,"name":"dogs"},"name":"Fido","photoUrls":["string"],"tags":[{"id":0,"name":"string"}],"status":"sold"},{"id":71551342,"category":{"id":14955550,"name":"ipsum do amet"},"name":"doggie","photoUrls":["dolore dolor","pariatur elit ea"],"tags":[{"id":-17398234,"name":"non ex"},{"id":-32010324,"name":"ut culpa aliqua est non"}],"status":"sold"},{"id":70119872,"category":{"id":93142102,"name":"Змея"},"name":"Анаконда","photoUrls":["mollit","https://irecommend.ru/sites/default/files/product-images/98227/3lJyZagay9aoxv06o6TJCQ.jpg"],"tags":[{"id":-19037377,"name":"deserunt veniam nulla reprehenderit"},{"id":51503358,"name":"ullamco aliqua Excepteur cillum"}],"status":"sold"},{"id":70119872000,"category":{"id":93142102,"name":"Заяц французский 2"},"name":"LAPIN LAPIN","photoUrls":["mollit","https://irecommend.ru/sites/default/files/product-images/98227/3lJyZagay9aoxv06o6TJCQ.jpg"],"tags":[{"id":-19037377,"name":"deserunt veniam nulla reprehenderit"},{"id":51503358,"name":"ullamco aliqua Excepteur cillum"}],"status":"sold"},{"id":777123,"category":{"id":777123,"name":"fish"},"name":"Nemo","photoUrls":["https://img1.fonwall.ru/o/hl/sea-photography-flower-underwater.jpeg?route=mid&amp;h=750","https://img1.fonwall.ru/o/hl/sea-photography-flower-underwater.jpeg?route=mid&amp;h=750"],"tags":[{"id":123,"name":"priff"},{"id":123,"name":"ribka"}],"status":"sold"},{"id":9223372036854773917,"category":{"id":0,"name":"string"},"name":"boss2.0","photoUrls":["string"],"tags":[{"id":0,"name":"string"}],"status":"sold"},{"id":24364310,"category":{"id":-12307344,"name":"kitten бфрмалейка"},"name":"kitten1","photoUrls":["dolor in","occaecat dolore consectetur adipisicing"],"tags":[{"id":-22679152,"name":"non ex"},{"id":33284191,"name":"sed pariatur in"}],"status":"sold"},{"id":2022000,"category":{"id":0,"name":"bird"},"name":"Star","photoUrls":["string"],"tags":[{"id":0,"name":"shy"}],"status":"sold"},{"id":87705905,"category":{"id":22032096,"name":"reprehenderit in minim"},"name":"doggie","photoUrls":["cillum Ut ","et adipisicing consequat"],"tags":[{"id":-14103627,"name":"reprehenderit"},{"id":47181501,"name":"occaecat"}],"status":"sold"},{"id":51338511,"category":{"id":43003430,"name":"ex ullamco"},"name":"doggie","photoUrls":["sit ipsum","nulla eu aliqua incididunt"],"tags":[{"id":1864541,"name":"anim elit amet"},{"id":98553871,"name":"ut"}],"status":"sold"},{"id":10001,"category":{"id":1,"name":"dogs"},"name":"Bobby Sold","photoUrls":["https://example.com/photo.jpg"],"tags":[{"id":1,"name":"tag1"}],"status":"sold"}]

16:07:47.298 [main] DEBUG com.jayway.jsonpath.internal.path.CompiledPath - Evaluating path: $[*]['status']
]]></system-out>
  </testcase>
  <testcase name="[1.2:34] Flujo completo de mascota usando datos externos" classname="com/qa/petstore/petstore" time="4.078">
    <system-out><![CDATA[16:07:47.421 [main] DEBUG com.jayway.jsonpath.internal.path.CompiledPath - Evaluating path: $
16:07:47.429 [main] DEBUG org.apache.http.client.protocol.RequestAddCookies - CookieSpec selected: karate
16:07:47.430 [main] DEBUG org.apache.http.client.protocol.RequestAuthCache - Auth cache not set in the context
16:07:47.430 [main] DEBUG com.intuit.karate - request:
1 > POST https://petstore.swagger.io/v2/pet
1 > Content-Type: application/json; charset=UTF-8
1 > Content-Length: 161
1 > Host: petstore.swagger.io
1 > Connection: Keep-Alive
1 > User-Agent: Apache-HttpClient/4.5.14 (Java/21.0.7)
1 > Accept-Encoding: gzip,deflate
{"id":10002,"category":{"id":1,"name":"dogs"},"name":"Rex","photoUrls":["https:\/\/example.com\/photo.jpg"],"tags":[{"id":1,"name":"tag1"}],"status":"available"}

16:07:47.431 [main] DEBUG org.apache.http.impl.conn.PoolingHttpClientConnectionManager - Connection request: [route: {s}->https://petstore.swagger.io:443][total available: 0; route allocated: 0 of 5; total allocated: 0 of 10]
16:07:47.431 [main] DEBUG org.apache.http.impl.conn.PoolingHttpClientConnectionManager - Connection leased: [id: 4][route: {s}->https://petstore.swagger.io:443][total available: 0; route allocated: 1 of 5; total allocated: 1 of 10]
16:07:47.431 [main] DEBUG org.apache.http.impl.execchain.MainClientExec - Opening connection {s}->https://petstore.swagger.io:443
16:07:47.432 [main] DEBUG org.apache.http.impl.conn.DefaultHttpClientConnectionOperator - Connecting to petstore.swagger.io/35.172.161.73:443
16:07:47.432 [main] DEBUG org.apache.http.conn.ssl.SSLConnectionSocketFactory - Connecting socket to petstore.swagger.io/35.172.161.73:443 with timeout 30000
16:07:47.523 [main] DEBUG org.apache.http.conn.ssl.SSLConnectionSocketFactory - Enabled protocols: [TLSv1.3, TLSv1.2]
16:07:47.524 [main] DEBUG org.apache.http.conn.ssl.SSLConnectionSocketFactory - Enabled cipher suites:[TLS_AES_256_GCM_SHA384, TLS_AES_128_GCM_SHA256, TLS_CHACHA20_POLY1305_SHA256, TLS_ECDHE_ECDSA_WITH_AES_256_GCM_SHA384, TLS_ECDHE_ECDSA_WITH_AES_128_GCM_SHA256, TLS_ECDHE_ECDSA_WITH_CHACHA20_POLY1305_SHA256, TLS_ECDHE_RSA_WITH_AES_256_GCM_SHA384, TLS_ECDHE_RSA_WITH_CHACHA20_POLY1305_SHA256, TLS_ECDHE_RSA_WITH_AES_128_GCM_SHA256, TLS_DHE_RSA_WITH_AES_256_GCM_SHA384, TLS_DHE_RSA_WITH_CHACHA20_POLY1305_SHA256, TLS_DHE_DSS_WITH_AES_256_GCM_SHA384, TLS_DHE_RSA_WITH_AES_128_GCM_SHA256, TLS_DHE_DSS_WITH_AES_128_GCM_SHA256, TLS_ECDHE_ECDSA_WITH_AES_256_CBC_SHA384, TLS_ECDHE_RSA_WITH_AES_256_CBC_SHA384, TLS_ECDHE_ECDSA_WITH_AES_128_CBC_SHA256, TLS_ECDHE_RSA_WITH_AES_128_CBC_SHA256, TLS_DHE_RSA_WITH_AES_256_CBC_SHA256, TLS_DHE_DSS_WITH_AES_256_CBC_SHA256, TLS_DHE_RSA_WITH_AES_128_CBC_SHA256, TLS_DHE_DSS_WITH_AES_128_CBC_SHA256, TLS_ECDHE_ECDSA_WITH_AES_256_CBC_SHA, TLS_ECDHE_RSA_WITH_AES_256_CBC_SHA, TLS_ECDHE_ECDSA_WITH_AES_128_CBC_SHA, TLS_ECDHE_RSA_WITH_AES_128_CBC_SHA, TLS_DHE_RSA_WITH_AES_256_CBC_SHA, TLS_DHE_DSS_WITH_AES_256_CBC_SHA, TLS_DHE_RSA_WITH_AES_128_CBC_SHA, TLS_DHE_DSS_WITH_AES_128_CBC_SHA, TLS_RSA_WITH_AES_256_GCM_SHA384, TLS_RSA_WITH_AES_128_GCM_SHA256, TLS_RSA_WITH_AES_256_CBC_SHA256, TLS_RSA_WITH_AES_128_CBC_SHA256, TLS_RSA_WITH_AES_256_CBC_SHA, TLS_RSA_WITH_AES_128_CBC_SHA, TLS_EMPTY_RENEGOTIATION_INFO_SCSV]
16:07:47.524 [main] DEBUG org.apache.http.conn.ssl.SSLConnectionSocketFactory - Starting handshake
16:07:47.626 [main] DEBUG org.apache.http.conn.ssl.SSLConnectionSocketFactory - Secure session established
16:07:47.626 [main] DEBUG org.apache.http.conn.ssl.SSLConnectionSocketFactory -  negotiated protocol: TLSv1.2
16:07:47.626 [main] DEBUG org.apache.http.conn.ssl.SSLConnectionSocketFactory -  negotiated cipher suite: TLS_ECDHE_RSA_WITH_AES_128_GCM_SHA256
16:07:47.626 [main] DEBUG org.apache.http.conn.ssl.SSLConnectionSocketFactory -  peer principal: CN=*.swagger.io
16:07:47.627 [main] DEBUG org.apache.http.conn.ssl.SSLConnectionSocketFactory -  peer alternative names: [*.swagger.io]
16:07:47.627 [main] DEBUG org.apache.http.conn.ssl.SSLConnectionSocketFactory -  issuer principal: CN=Amazon RSA 2048 M04, O=Amazon, C=US
16:07:47.627 [main] DEBUG org.apache.http.impl.conn.DefaultHttpClientConnectionOperator - Connection established 192.168.0.115:58464<->35.172.161.73:443
16:07:47.627 [main] DEBUG org.apache.http.impl.conn.DefaultManagedHttpClientConnection - http-outgoing-4: set socket timeout to 30000
16:07:47.627 [main] DEBUG org.apache.http.impl.execchain.MainClientExec - Executing request POST /v2/pet HTTP/1.1
16:07:47.627 [main] DEBUG org.apache.http.impl.execchain.MainClientExec - Target auth state: UNCHALLENGED
16:07:47.627 [main] DEBUG org.apache.http.impl.execchain.MainClientExec - Proxy auth state: UNCHALLENGED
16:07:47.627 [main] DEBUG org.apache.http.headers - http-outgoing-4 >> POST /v2/pet HTTP/1.1
16:07:47.627 [main] DEBUG org.apache.http.headers - http-outgoing-4 >> Content-Type: application/json; charset=UTF-8
16:07:47.627 [main] DEBUG org.apache.http.headers - http-outgoing-4 >> Content-Length: 161
16:07:47.627 [main] DEBUG org.apache.http.headers - http-outgoing-4 >> Host: petstore.swagger.io
16:07:47.627 [main] DEBUG org.apache.http.headers - http-outgoing-4 >> Connection: Keep-Alive
16:07:47.627 [main] DEBUG org.apache.http.headers - http-outgoing-4 >> User-Agent: Apache-HttpClient/4.5.14 (Java/21.0.7)
16:07:47.627 [main] DEBUG org.apache.http.headers - http-outgoing-4 >> Accept-Encoding: gzip,deflate
16:07:47.627 [main] DEBUG org.apache.http.wire - http-outgoing-4 >> "POST /v2/pet HTTP/1.1[\r][\n]"
16:07:47.627 [main] DEBUG org.apache.http.wire - http-outgoing-4 >> "Content-Type: application/json; charset=UTF-8[\r][\n]"
16:07:47.627 [main] DEBUG org.apache.http.wire - http-outgoing-4 >> "Content-Length: 161[\r][\n]"
16:07:47.627 [main] DEBUG org.apache.http.wire - http-outgoing-4 >> "Host: petstore.swagger.io[\r][\n]"
16:07:47.627 [main] DEBUG org.apache.http.wire - http-outgoing-4 >> "Connection: Keep-Alive[\r][\n]"
16:07:47.627 [main] DEBUG org.apache.http.wire - http-outgoing-4 >> "User-Agent: Apache-HttpClient/4.5.14 (Java/21.0.7)[\r][\n]"
16:07:47.627 [main] DEBUG org.apache.http.wire - http-outgoing-4 >> "Accept-Encoding: gzip,deflate[\r][\n]"
16:07:47.627 [main] DEBUG org.apache.http.wire - http-outgoing-4 >> "[\r][\n]"
16:07:47.627 [main] DEBUG org.apache.http.wire - http-outgoing-4 >> "{"id":10002,"category":{"id":1,"name":"dogs"},"name":"Rex","photoUrls":["https:\/\/example.com\/photo.jpg"],"tags":[{"id":1,"name":"tag1"}],"status":"available"}"
16:07:47.711 [main] DEBUG org.apache.http.wire - http-outgoing-4 << "HTTP/1.1 200 OK[\r][\n]"
16:07:47.712 [main] DEBUG org.apache.http.wire - http-outgoing-4 << "Date: Thu, 15 Jan 2026 21:07:47 GMT[\r][\n]"
16:07:47.712 [main] DEBUG org.apache.http.wire - http-outgoing-4 << "Content-Type: application/json[\r][\n]"
16:07:47.712 [main] DEBUG org.apache.http.wire - http-outgoing-4 << "Transfer-Encoding: chunked[\r][\n]"
16:07:47.712 [main] DEBUG org.apache.http.wire - http-outgoing-4 << "Connection: keep-alive[\r][\n]"
16:07:47.712 [main] DEBUG org.apache.http.wire - http-outgoing-4 << "Access-Control-Allow-Origin: *[\r][\n]"
16:07:47.712 [main] DEBUG org.apache.http.wire - http-outgoing-4 << "Access-Control-Allow-Methods: GET, POST, DELETE, PUT[\r][\n]"
16:07:47.712 [main] DEBUG org.apache.http.wire - http-outgoing-4 << "Access-Control-Allow-Headers: Content-Type, api_key, Authorization[\r][\n]"
16:07:47.712 [main] DEBUG org.apache.http.wire - http-outgoing-4 << "Server: Jetty(9.2.9.v20150224)[\r][\n]"
16:07:47.712 [main] DEBUG org.apache.http.wire - http-outgoing-4 << "[\r][\n]"
16:07:47.712 [main] DEBUG org.apache.http.wire - http-outgoing-4 << "9e[\r][\n]"
16:07:47.712 [main] DEBUG org.apache.http.wire - http-outgoing-4 << "{"id":10002,"category":{"id":1,"name":"dogs"},"name":"Rex","photoUrls":["https://example.com/photo.jpg"],"tags":[{"id":1,"name":"tag1"}],"status":"available"}[\r][\n]"
16:07:47.712 [main] DEBUG org.apache.http.headers - http-outgoing-4 << HTTP/1.1 200 OK
16:07:47.712 [main] DEBUG org.apache.http.headers - http-outgoing-4 << Date: Thu, 15 Jan 2026 21:07:47 GMT
16:07:47.712 [main] DEBUG org.apache.http.headers - http-outgoing-4 << Content-Type: application/json
16:07:47.712 [main] DEBUG org.apache.http.headers - http-outgoing-4 << Transfer-Encoding: chunked
16:07:47.712 [main] DEBUG org.apache.http.headers - http-outgoing-4 << Connection: keep-alive
16:07:47.712 [main] DEBUG org.apache.http.headers - http-outgoing-4 << Access-Control-Allow-Origin: *
16:07:47.712 [main] DEBUG org.apache.http.headers - http-outgoing-4 << Access-Control-Allow-Methods: GET, POST, DELETE, PUT
16:07:47.712 [main] DEBUG org.apache.http.headers - http-outgoing-4 << Access-Control-Allow-Headers: Content-Type, api_key, Authorization
16:07:47.712 [main] DEBUG org.apache.http.headers - http-outgoing-4 << Server: Jetty(9.2.9.v20150224)
16:07:47.712 [main] DEBUG org.apache.http.impl.execchain.MainClientExec - Connection can be kept alive indefinitely
16:07:47.712 [main] DEBUG org.apache.http.wire - http-outgoing-4 << "0[\r][\n]"
16:07:47.712 [main] DEBUG org.apache.http.wire - http-outgoing-4 << "[\r][\n]"
16:07:47.713 [main] DEBUG org.apache.http.impl.conn.PoolingHttpClientConnectionManager - Connection [id: 4][route: {s}->https://petstore.swagger.io:443] can be kept alive indefinitely
16:07:47.713 [main] DEBUG org.apache.http.impl.conn.DefaultManagedHttpClientConnection - http-outgoing-4: set socket timeout to 0
16:07:47.713 [main] DEBUG org.apache.http.impl.conn.PoolingHttpClientConnectionManager - Connection released: [id: 4][route: {s}->https://petstore.swagger.io:443][total available: 1; route allocated: 1 of 5; total allocated: 1 of 10]
16:07:47.713 [main] DEBUG org.apache.http.impl.conn.PoolingHttpClientConnectionManager - Connection manager is shutting down
16:07:47.713 [main] DEBUG org.apache.http.impl.conn.DefaultManagedHttpClientConnection - http-outgoing-4: Close connection
16:07:47.714 [main] DEBUG org.apache.http.impl.conn.PoolingHttpClientConnectionManager - Connection manager shut down
16:07:47.714 [main] DEBUG com.intuit.karate - response time in milliseconds: 283
1 < 200
1 < Date: Thu, 15 Jan 2026 21:07:47 GMT
1 < Content-Type: application/json
1 < Transfer-Encoding: chunked
1 < Connection: keep-alive
1 < Access-Control-Allow-Origin: *
1 < Access-Control-Allow-Methods: GET, POST, DELETE, PUT
1 < Access-Control-Allow-Headers: Content-Type, api_key, Authorization
1 < Server: Jetty(9.2.9.v20150224)
{"id":10002,"category":{"id":1,"name":"dogs"},"name":"Rex","photoUrls":["https://example.com/photo.jpg"],"tags":[{"id":1,"name":"tag1"}],"status":"available"}

16:07:47.727 [main] DEBUG org.apache.http.client.protocol.RequestAddCookies - CookieSpec selected: karate
16:07:47.727 [main] DEBUG org.apache.http.client.protocol.RequestAuthCache - Auth cache not set in the context
16:07:47.728 [main] DEBUG com.intuit.karate - request:
2 > GET https://petstore.swagger.io/v2/pet/10002
2 > Host: petstore.swagger.io
2 > Connection: Keep-Alive
2 > User-Agent: Apache-HttpClient/4.5.14 (Java/21.0.7)
2 > Accept-Encoding: gzip,deflate


16:07:47.728 [main] DEBUG org.apache.http.impl.conn.PoolingHttpClientConnectionManager - Connection request: [route: {s}->https://petstore.swagger.io:443][total available: 0; route allocated: 0 of 5; total allocated: 0 of 10]
16:07:47.728 [main] DEBUG org.apache.http.impl.conn.PoolingHttpClientConnectionManager - Connection leased: [id: 5][route: {s}->https://petstore.swagger.io:443][total available: 0; route allocated: 1 of 5; total allocated: 1 of 10]
16:07:47.728 [main] DEBUG org.apache.http.impl.execchain.MainClientExec - Opening connection {s}->https://petstore.swagger.io:443
16:07:47.729 [main] DEBUG org.apache.http.impl.conn.DefaultHttpClientConnectionOperator - Connecting to petstore.swagger.io/35.172.161.73:443
16:07:47.729 [main] DEBUG org.apache.http.conn.ssl.SSLConnectionSocketFactory - Connecting socket to petstore.swagger.io/35.172.161.73:443 with timeout 30000
16:07:47.848 [main] DEBUG org.apache.http.conn.ssl.SSLConnectionSocketFactory - Enabled protocols: [TLSv1.3, TLSv1.2]
[...]
[THYMELEAF]             * [* {th:formenctype,data-th-formenctype}] [1000]: org.thymeleaf.standard.processor.StandardRemovableAttributeTagProcessor
[THYMELEAF]             * [* {th:formtarget,data-th-formtarget}] [1000]: org.thymeleaf.standard.processor.StandardRemovableAttributeTagProcessor
[THYMELEAF]             * [* {th:icon,data-th-icon}] [1000]: org.thymeleaf.standard.processor.StandardRemovableAttributeTagProcessor
[THYMELEAF]             * [* {th:formaction,data-th-formaction}] [1000]: org.thymeleaf.standard.processor.StandardRemovableAttributeTagProcessor
[THYMELEAF]             * [* {th:target,data-th-target}] [1000]: org.thymeleaf.standard.processor.StandardRemovableAttributeTagProcessor
[THYMELEAF]             * [* {th:sandbox,data-th-sandbox}] [1000]: org.thymeleaf.standard.processor.StandardRemovableAttributeTagProcessor
[THYMELEAF]             * [* {th:dropzone,data-th-dropzone}] [1000]: org.thymeleaf.standard.processor.StandardRemovableAttributeTagProcessor
[THYMELEAF]             * [* {th:min,data-th-min}] [1000]: org.thymeleaf.standard.processor.StandardRemovableAttributeTagProcessor
[THYMELEAF]             * [* {th:bgcolor,data-th-bgcolor}] [1000]: org.thymeleaf.standard.processor.StandardRemovableAttributeTagProcessor
[THYMELEAF]             * [* {th:preload,data-th-preload}] [1000]: org.thymeleaf.standard.processor.StandardRemovableAttributeTagProcessor
[THYMELEAF]             * [* {th:placeholder,data-th-placeholder}] [1000]: org.thymeleaf.standard.processor.StandardRemovableAttributeTagProcessor
[THYMELEAF]             * [* {th:headers,data-th-headers}] [1000]: org.thymeleaf.standard.processor.StandardRemovableAttributeTagProcessor
[THYMELEAF]             * [* {th:summary,data-th-summary}] [1000]: org.thymeleaf.standard.processor.StandardRemovableAttributeTagProcessor
[THYMELEAF]             * [* {th:rel,data-th-rel}] [1000]: org.thymeleaf.standard.processor.StandardRemovableAttributeTagProcessor
[THYMELEAF]             * [* {th:title,data-th-title}] [1000]: org.thymeleaf.standard.processor.StandardRemovableAttributeTagProcessor
[THYMELEAF]             * [* {th:rows,data-th-rows}] [1000]: org.thymeleaf.standard.processor.StandardRemovableAttributeTagProcessor
[THYMELEAF]             * [* {th:list,data-th-list}] [1000]: org.thymeleaf.standard.processor.StandardRemovableAttributeTagProcessor
[THYMELEAF]             * [* {th:label,data-th-label}] [1000]: org.thymeleaf.standard.processor.StandardRemovableAttributeTagProcessor
[THYMELEAF]             * [* {th:step,data-th-step}] [1000]: org.thymeleaf.standard.processor.StandardRemovableAttributeTagProcessor
[THYMELEAF]             * [* {th:accept,data-th-accept}] [1000]: org.thymeleaf.standard.processor.StandardRemovableAttributeTagProcessor
[THYMELEAF]             * [* {th:media,data-th-media}] [1000]: org.thymeleaf.standard.processor.StandardRemovableAttributeTagProcessor
[THYMELEAF]             * [* {th:data,data-th-data}] [1000]: org.thymeleaf.standard.processor.StandardRemovableAttributeTagProcessor
[THYMELEAF]             * [* {th:accept-charset,data-th-accept-charset}] [1000]: org.thymeleaf.standard.processor.StandardRemovableAttributeTagProcessor
[THYMELEAF]             * [* {th:keytype,data-th-keytype}] [1000]: org.thymeleaf.standard.processor.StandardRemovableAttributeTagProcessor
[THYMELEAF]             * [* {th:marginwidth,data-th-marginwidth}] [1000]: org.thymeleaf.standard.processor.StandardRemovableAttributeTagProcessor
[THYMELEAF]             * [* {th:dir,data-th-dir}] [1000]: org.thymeleaf.standard.processor.StandardRemovableAttributeTagProcessor
[THYMELEAF]             * [* {th:codetype,data-th-codetype}] [1000]: org.thymeleaf.standard.processor.StandardRemovableAttributeTagProcessor
[THYMELEAF]             * [* {th:frame,data-th-frame}] [1000]: org.thymeleaf.standard.processor.StandardRemovableAttributeTagProcessor
[THYMELEAF]             * [* {th:style,data-th-style}] [1000]: org.thymeleaf.standard.processor.StandardRemovableAttributeTagProcessor
[THYMELEAF]             * [* {th:content,data-th-content}] [1000]: org.thymeleaf.standard.processor.StandardRemovableAttributeTagProcessor
[THYMELEAF]             * [* {th:vspace,data-th-vspace}] [1000]: org.thymeleaf.standard.processor.StandardRemovableAttributeTagProcessor
[THYMELEAF]             * [* {th:http-equiv,data-th-http-equiv}] [1000]: org.thymeleaf.standard.processor.StandardRemovableAttributeTagProcessor
[THYMELEAF]             * [* {th:rules,data-th-rules}] [1000]: org.thymeleaf.standard.processor.StandardRemovableAttributeTagProcessor
[THYMELEAF]             * [* {th:background,data-th-background}] [1000]: org.thymeleaf.standard.processor.StandardRemovableAttributeTagProcessor
[THYMELEAF]             * [* {th:scope,data-th-scope}] [1000]: org.thymeleaf.standard.processor.StandardRemovableAttributeTagProcessor
[THYMELEAF]             * [* {th:height,data-th-height}] [1000]: org.thymeleaf.standard.processor.StandardRemovableAttributeTagProcessor
[THYMELEAF]             * [* {th:tabindex,data-th-tabindex}] [1000]: org.thymeleaf.standard.processor.StandardRemovableAttributeTagProcessor
[THYMELEAF]             * [* {th:src,data-th-src}] [1000]: org.thymeleaf.standard.processor.StandardSrcTagProcessor
[THYMELEAF]             * [* {th:value,data-th-value}] [1000]: org.thymeleaf.standard.processor.StandardValueTagProcessor
[THYMELEAF]             * [* {th:xmlbase,data-th-xmlbase}] [1000]: org.thymeleaf.standard.processor.StandardXmlBaseTagProcessor
[THYMELEAF]             * [* {th:xmllang,data-th-xmllang}] [1000]: org.thymeleaf.standard.processor.StandardXmlLangTagProcessor
[THYMELEAF]             * [* {xmlns:th}] [1000]: org.thymeleaf.standard.processor.StandardXmlNsTagProcessor
[THYMELEAF]             * [* {th:xmlspace,data-th-xmlspace}] [1000]: org.thymeleaf.standard.processor.StandardXmlSpaceTagProcessor
[THYMELEAF]             * [* {th:classappend,data-th-classappend}] [1100]: org.thymeleaf.standard.processor.StandardClassappendTagProcessor
[THYMELEAF]             * [* {th:styleappend,data-th-styleappend}] [1100]: org.thymeleaf.standard.processor.StandardStyleappendTagProcessor
[THYMELEAF]             * [* {th:text,data-th-text}] [1300]: org.thymeleaf.standard.processor.StandardTextTagProcessor
[THYMELEAF]             * [* {th:utext,data-th-utext}] [1400]: org.thymeleaf.standard.processor.StandardUtextTagProcessor
[THYMELEAF]             * [* {th:fragment,data-th-fragment}] [1500]: org.thymeleaf.standard.processor.StandardFragmentTagProcessor
[THYMELEAF]             * [* {th:assert,data-th-assert}] [1550]: org.thymeleaf.standard.processor.StandardAssertTagProcessor
[THYMELEAF]             * [* {th:remove,data-th-remove}] [1600]: org.thymeleaf.standard.processor.StandardRemoveTagProcessor
[THYMELEAF]             * [* {th:ref,data-th-ref}] [10000]: org.thymeleaf.standard.processor.StandardRefAttributeTagProcessor
[THYMELEAF]             * [{th:block,th-block} *] [100000]: org.thymeleaf.standard.processor.StandardBlockTagProcessor
[THYMELEAF]             * [* th:*] [2147483647]: org.thymeleaf.standard.processor.StandardDefaultAttributesTagProcessor
[THYMELEAF]         * Text Processors by [precedence]:
[THYMELEAF]             * [1000]: org.thymeleaf.standard.processor.StandardInliningTextProcessor
[THYMELEAF]         * DOCTYPE Processors by [precedence]:
[THYMELEAF]             * [1000]: org.thymeleaf.standard.processor.StandardTranslationDocTypeProcessor
[THYMELEAF]         * CDATA Section Processors by [precedence]:
[THYMELEAF]             * [1000]: org.thymeleaf.standard.processor.StandardInliningCDATASectionProcessor
[THYMELEAF]         * Comment Processors by [precedence]:
[THYMELEAF]             * [1000]: org.thymeleaf.standard.processor.StandardInliningCommentProcessor
[THYMELEAF]             * [1100]: org.thymeleaf.standard.processor.StandardConditionalCommentProcessor
[THYMELEAF]     * Processors for Template Mode: XML
[THYMELEAF]         * Element Tag Processors by [matching element and attribute name] [precedence]:
[THYMELEAF]             * [* {th:include}] [100]: org.thymeleaf.standard.processor.StandardIncludeTagProcessor
[THYMELEAF]             * [* {th:insert}] [100]: org.thymeleaf.standard.processor.StandardInsertTagProcessor
[THYMELEAF]             * [* {th:replace}] [100]: org.thymeleaf.standard.processor.StandardReplaceTagProcessor
[THYMELEAF]             * [* {th:substituteby}] [100]: org.thymeleaf.standard.processor.StandardSubstituteByTagProcessor
[THYMELEAF]             * [* {th:each}] [200]: com.intuit.karate.template.KarateEachTagProcessor
[THYMELEAF]             * [* {th:switch}] [250]: org.thymeleaf.standard.processor.StandardSwitchTagProcessor
[THYMELEAF]             * [* {th:case}] [275]: org.thymeleaf.standard.processor.StandardCaseTagProcessor
[THYMELEAF]             * [* {th:if}] [300]: org.thymeleaf.standard.processor.StandardIfTagProcessor
[THYMELEAF]             * [* {th:unless}] [400]: org.thymeleaf.standard.processor.StandardUnlessTagProcessor
[THYMELEAF]             * [* {th:object}] [500]: org.thymeleaf.standard.processor.StandardObjectTagProcessor
[THYMELEAF]             * [* {th:with}] [600]: com.intuit.karate.template.KarateWithTagProcessor
[THYMELEAF]             * [* {th:attr}] [700]: com.intuit.karate.template.KarateAttributeTagProcessor.KarateAttrTagProcessor
[THYMELEAF]             * [* {th:attrappend}] [900]: com.intuit.karate.template.KarateAttributeTagProcessor.KarateAttrappendTagProcessor
[THYMELEAF]             * [* {th:attrprepend}] [900]: com.intuit.karate.template.KarateAttributeTagProcessor.KarateAttrprependTagProcessor
[THYMELEAF]             * [* {th:inline}] [1000]: org.thymeleaf.standard.processor.StandardInlineXMLTagProcessor
[THYMELEAF]             * [* {xmlns:th}] [1000]: org.thymeleaf.standard.processor.StandardXmlNsTagProcessor
[THYMELEAF]             * [* {th:text}] [1300]: org.thymeleaf.standard.processor.StandardTextTagProcessor
[THYMELEAF]             * [* {th:utext}] [1400]: org.thymeleaf.standard.processor.StandardUtextTagProcessor
[THYMELEAF]             * [* {th:fragment}] [1500]: org.thymeleaf.standard.processor.StandardFragmentTagProcessor
[THYMELEAF]             * [* {th:assert}] [1550]: org.thymeleaf.standard.processor.StandardAssertTagProcessor
[THYMELEAF]             * [* {th:remove}] [1600]: org.thymeleaf.standard.processor.StandardRemoveTagProcessor
[THYMELEAF]             * [* {th:ref}] [10000]: org.thymeleaf.standard.processor.StandardRefAttributeTagProcessor
[THYMELEAF]             * [{th:block} *] [100000]: org.thymeleaf.standard.processor.StandardBlockTagProcessor
[THYMELEAF]             * [* th:*] [2147483647]: org.thymeleaf.standard.processor.StandardDefaultAttributesTagProcessor
[THYMELEAF]         * Text Processors by [precedence]:
[THYMELEAF]             * [1000]: org.thymeleaf.standard.processor.StandardInliningTextProcessor
[THYMELEAF]         * CDATA Section Processors by [precedence]:
[THYMELEAF]             * [1000]: org.thymeleaf.standard.processor.StandardInliningCDATASectionProcessor
[THYMELEAF]         * Comment Processors by [precedence]:
[THYMELEAF]             * [1000]: org.thymeleaf.standard.processor.StandardInliningCommentProcessor
[THYMELEAF]     * Processors for Template Mode: TEXT
[THYMELEAF]         * Element Tag Processors by [matching element and attribute name] [precedence]:
[THYMELEAF]             * [* {th:insert}] [100]: org.thymeleaf.standard.processor.StandardInsertTagProcessor
[THYMELEAF]             * [* {th:replace}] [100]: org.thymeleaf.standard.processor.StandardReplaceTagProcessor
[THYMELEAF]             * [* {th:each}] [200]: com.intuit.karate.template.KarateEachTagProcessor
[THYMELEAF]             * [* {th:switch}] [250]: org.thymeleaf.standard.processor.StandardSwitchTagProcessor
[THYMELEAF]             * [* {th:case}] [275]: org.thymeleaf.standard.processor.StandardCaseTagProcessor
[THYMELEAF]             * [* {th:if}] [300]: org.thymeleaf.standard.processor.StandardIfTagProcessor
[THYMELEAF]             * [* {th:unless}] [400]: org.thymeleaf.standard.processor.StandardUnlessTagProcessor
[THYMELEAF]             * [* {th:object}] [500]: org.thymeleaf.standard.processor.StandardObjectTagProcessor
[THYMELEAF]             * [* {th:with}] [600]: com.intuit.karate.template.KarateWithTagProcessor
[THYMELEAF]             * [* {th:inline}] [1000]: org.thymeleaf.standard.processor.StandardInlineTextualTagProcessor
[THYMELEAF]             * [* {th:text}] [1300]: org.thymeleaf.standard.processor.StandardTextTagProcessor
[THYMELEAF]             * [* {th:utext}] [1400]: org.thymeleaf.standard.processor.StandardUtextTagProcessor
[THYMELEAF]             * [* {th:assert}] [1550]: org.thymeleaf.standard.processor.StandardAssertTagProcessor
[THYMELEAF]             * [* {th:remove}] [1600]: org.thymeleaf.standard.processor.StandardRemoveTagProcessor
[THYMELEAF]             * [{th:block} *] [100000]: org.thymeleaf.standard.processor.StandardBlockTagProcessor
[THYMELEAF]             * [* 100000] [org.thymeleaf.standard.processor.StandardBlockTagProcessor]: {}
[THYMELEAF]         * Text Processors by [precedence]:
[THYMELEAF]             * [1000]: org.thymeleaf.standard.processor.StandardInliningTextProcessor
[THYMELEAF]     * Processors for Template Mode: JAVASCRIPT
[THYMELEAF]         * Element Tag Processors by [matching element and attribute name] [precedence]:
[THYMELEAF]             * [* {th:insert}] [100]: org.thymeleaf.standard.processor.StandardInsertTagProcessor
[THYMELEAF]             * [* {th:replace}] [100]: org.thymeleaf.standard.processor.StandardReplaceTagProcessor
[THYMELEAF]             * [* {th:each}] [200]: com.intuit.karate.template.KarateEachTagProcessor
[THYMELEAF]             * [* {th:switch}] [250]: org.thymeleaf.standard.processor.StandardSwitchTagProcessor
[THYMELEAF]             * [* {th:case}] [275]: org.thymeleaf.standard.processor.StandardCaseTagProcessor
[THYMELEAF]             * [* {th:if}] [300]: org.thymeleaf.standard.processor.StandardIfTagProcessor
[THYMELEAF]             * [* {th:unless}] [400]: org.thymeleaf.standard.processor.StandardUnlessTagProcessor
[THYMELEAF]             * [* {th:object}] [500]: org.thymeleaf.standard.processor.StandardObjectTagProcessor
[THYMELEAF]             * [* {th:with}] [600]: com.intuit.karate.template.KarateWithTagProcessor
[THYMELEAF]             * [* {th:inline}] [1000]: org.thymeleaf.standard.processor.StandardInlineTextualTagProcessor
[THYMELEAF]             * [* {th:text}] [1300]: org.thymeleaf.standard.processor.StandardTextTagProcessor
[THYMELEAF]             * [* {th:utext}] [1400]: org.thymeleaf.standard.processor.StandardUtextTagProcessor
[THYMELEAF]             * [* {th:assert}] [1550]: org.thymeleaf.standard.processor.StandardAssertTagProcessor
[THYMELEAF]             * [* {th:remove}] [1600]: org.thymeleaf.standard.processor.StandardRemoveTagProcessor
[THYMELEAF]             * [* 100000] [org.thymeleaf.standard.processor.StandardBlockTagProcessor]: {}
[THYMELEAF]             * [{th:block} *] [100000]: org.thymeleaf.standard.processor.StandardBlockTagProcessor
[THYMELEAF]         * Text Processors by [precedence]:
[THYMELEAF]             * [1000]: org.thymeleaf.standard.processor.StandardInliningTextProcessor
[THYMELEAF]     * Processors for Template Mode: CSS
[THYMELEAF]         * Element Tag Processors by [matching element and attribute name] [precedence]:
[THYMELEAF]             * [* {th:insert}] [100]: org.thymeleaf.standard.processor.StandardInsertTagProcessor
[THYMELEAF]             * [* {th:replace}] [100]: org.thymeleaf.standard.processor.StandardReplaceTagProcessor
[THYMELEAF]             * [* {th:each}] [200]: com.intuit.karate.template.KarateEachTagProcessor
[THYMELEAF]             * [* {th:switch}] [250]: org.thymeleaf.standard.processor.StandardSwitchTagProcessor
[THYMELEAF]             * [* {th:case}] [275]: org.thymeleaf.standard.processor.StandardCaseTagProcessor
[THYMELEAF]             * [* {th:if}] [300]: org.thymeleaf.standard.processor.StandardIfTagProcessor
[THYMELEAF]             * [* {th:unless}] [400]: org.thymeleaf.standard.processor.StandardUnlessTagProcessor
[THYMELEAF]             * [* {th:object}] [500]: org.thymeleaf.standard.processor.StandardObjectTagProcessor
[THYMELEAF]             * [* {th:with}] [600]: com.intuit.karate.template.KarateWithTagProcessor
[THYMELEAF]             * [* {th:inline}] [1000]: org.thymeleaf.standard.processor.StandardInlineTextualTagProcessor
[THYMELEAF]             * [* {th:text}] [1300]: org.thymeleaf.standard.processor.StandardTextTagProcessor
[THYMELEAF]             * [* {th:utext}] [1400]: org.thymeleaf.standard.processor.StandardUtextTagProcessor
[THYMELEAF]             * [* {th:assert}] [1550]: org.thymeleaf.standard.processor.StandardAssertTagProcessor
[THYMELEAF]             * [* {th:remove}] [1600]: org.thymeleaf.standard.processor.StandardRemoveTagProcessor
[THYMELEAF]             * [* 100000] [org.thymeleaf.standard.processor.StandardBlockTagProcessor]: {}
[THYMELEAF]             * [{th:block} *] [100000]: org.thymeleaf.standard.processor.StandardBlockTagProcessor
[THYMELEAF]         * Text Processors by [precedence]:
[THYMELEAF]             * [1000]: org.thymeleaf.standard.processor.StandardInliningTextProcessor
[THYMELEAF]     * Expression Objects:
[THYMELEAF]         * #ctx
[THYMELEAF]         * #root
[THYMELEAF]         * #vars
[THYMELEAF]         * #object
[THYMELEAF]         * #locale
[THYMELEAF]         * #request
[THYMELEAF]         * #response
[THYMELEAF]         * #session
[THYMELEAF]         * #servletContext
[THYMELEAF]         * #conversions
[THYMELEAF]         * #uris
[THYMELEAF]         * #calendars
[THYMELEAF]         * #dates
[THYMELEAF]         * #bools
[THYMELEAF]         * #numbers
[THYMELEAF]         * #objects
[THYMELEAF]         * #strings
[THYMELEAF]         * #arrays
[THYMELEAF]         * #lists
[THYMELEAF]         * #sets
[THYMELEAF]         * #maps
[THYMELEAF]         * #aggregates
[THYMELEAF]         * #messages
[THYMELEAF]         * #ids
[THYMELEAF]         * #execInfo
[THYMELEAF]         * #httpServletRequest
[THYMELEAF]         * #httpSession
[THYMELEAF]     * Execution Attributes:
[THYMELEAF]         * "StandardExpressionParser": com.intuit.karate.template.KarateStandardDialect@6181bc4a
[THYMELEAF]         * "StandardJavaScriptSerializer": org.thymeleaf.standard.serializer.StandardJavaScriptSerializer@26c59348
[THYMELEAF]         * "StandardCSSSerializer": org.thymeleaf.standard.serializer.StandardCSSSerializer@1de12397
[THYMELEAF]         * "StandardVariableExpressionEvaluator": com.intuit.karate.template.KarateStandardDialect@6181bc4a
[THYMELEAF]         * "StandardConversionService": org.thymeleaf.standard.expression.StandardConversionService@2f5f5bc9
[THYMELEAF] * Dialect [2 of 2]: karate (com.intuit.karate.template.KarateScriptDialect)
[THYMELEAF]     * Prefix: "ka"
[THYMELEAF]     * Processors for Template Mode: HTML
[THYMELEAF]         * Element Tag Processors by [matching element and attribute name] [precedence]:
[THYMELEAF]             * [* {src}] [1000]: com.intuit.karate.template.KaScriptAttrProcessor
[THYMELEAF]         * Element Model Processors by [matching element and attribute name] [precedence]:
[THYMELEAF]             * [{script} {ka:scope,data-ka-scope}] [1000]: com.intuit.karate.template.KaScriptElemProcessor
[THYMELEAF]             * [* {ka:set,data-ka-set}] [1000]: com.intuit.karate.template.KaSetElemProcessor
[THYMELEAF] TEMPLATE ENGINE CONFIGURED OK
16:07:51.342 [main] DEBUG org.thymeleaf.TemplateEngine - [THYMELEAF] TEMPLATE ENGINE INITIALIZED

HTML report: (paste into browser to view) | Karate version: 1.4.0
file:///C:/Users/sebas/OneDrive/Documentos/SEMESTRES%20U/nttdata/APIS_EXAMEN/APIS/karate-petstore/target/karate-reports/karate-summary.html
===================================================================

]]></system-out>
  </testcase>
</testsuite>